CRITICAL - 2021-04-06 07:50:41 --> You must set the database table to be used with your query.
#0 /volume1/team/WeTrueServer/system/Model.php(1206): CodeIgniter\Database\BaseConnection->table(NULL)
#1 /volume1/team/WeTrueServer/system/Model.php(1714): CodeIgniter\Model->builder()
#2 /volume1/team/WeTrueServer/app/Models/UserModel.php(66): CodeIgniter\Model->__call('wetConfig', Array)
#3 /volume1/team/WeTrueServer/app/Controllers/User.php(14): App\Models\UserModel->userAllInfo(NULL)
#4 /volume1/team/WeTrueServer/system/CodeIgniter.php(914): App\Controllers\User->info()
#5 /volume1/team/WeTrueServer/system/CodeIgniter.php(400): CodeIgniter\CodeIgniter->runController(Object(App\Controllers\User))
#6 /volume1/team/WeTrueServer/system/CodeIgniter.php(308): CodeIgniter\CodeIgniter->handleRequest(NULL, Object(Config\Cache), false)
#7 /volume1/team/WeTrueServer/public/index.php(45): CodeIgniter\CodeIgniter->run()
#8 {main}
CRITICAL - 2021-04-06 07:50:44 --> You must set the database table to be used with your query.
#0 /volume1/team/WeTrueServer/system/Model.php(1206): CodeIgniter\Database\BaseConnection->table(NULL)
#1 /volume1/team/WeTrueServer/system/Model.php(1714): CodeIgniter\Model->builder()
#2 /volume1/team/WeTrueServer/app/Models/UserModel.php(66): CodeIgniter\Model->__call('wetConfig', Array)
#3 /volume1/team/WeTrueServer/app/Controllers/User.php(14): App\Models\UserModel->userAllInfo(NULL)
#4 /volume1/team/WeTrueServer/system/CodeIgniter.php(914): App\Controllers\User->info()
#5 /volume1/team/WeTrueServer/system/CodeIgniter.php(400): CodeIgniter\CodeIgniter->runController(Object(App\Controllers\User))
#6 /volume1/team/WeTrueServer/system/CodeIgniter.php(308): CodeIgniter\CodeIgniter->handleRequest(NULL, Object(Config\Cache), false)
#7 /volume1/team/WeTrueServer/public/index.php(45): CodeIgniter\CodeIgniter->run()
#8 {main}
CRITICAL - 2021-04-06 07:51:19 --> You must set the database table to be used with your query.
#0 /volume1/team/WeTrueServer/system/Model.php(1206): CodeIgniter\Database\BaseConnection->table(NULL)
#1 /volume1/team/WeTrueServer/system/Model.php(1714): CodeIgniter\Model->builder()
#2 /volume1/team/WeTrueServer/app/Models/UserModel.php(66): CodeIgniter\Model->__call('wetConfig', Array)
#3 /volume1/team/WeTrueServer/app/Controllers/User.php(14): App\Models\UserModel->userAllInfo(NULL)
#4 /volume1/team/WeTrueServer/system/CodeIgniter.php(914): App\Controllers\User->info()
#5 /volume1/team/WeTrueServer/system/CodeIgniter.php(400): CodeIgniter\CodeIgniter->runController(Object(App\Controllers\User))
#6 /volume1/team/WeTrueServer/system/CodeIgniter.php(308): CodeIgniter\CodeIgniter->handleRequest(NULL, Object(Config\Cache), false)
#7 /volume1/team/WeTrueServer/public/index.php(45): CodeIgniter\CodeIgniter->run()
#8 {main}
CRITICAL - 2021-04-06 07:52:00 --> You must set the database table to be used with your query.
#0 /volume1/team/WeTrueServer/system/Model.php(1206): CodeIgniter\Database\BaseConnection->table(NULL)
#1 /volume1/team/WeTrueServer/system/Model.php(1714): CodeIgniter\Model->builder()
#2 /volume1/team/WeTrueServer/app/Models/UserModel.php(66): CodeIgniter\Model->__call('wetConfig', Array)
#3 /volume1/team/WeTrueServer/app/Controllers/User.php(14): App\Models\UserModel->userAllInfo(NULL)
#4 /volume1/team/WeTrueServer/system/CodeIgniter.php(914): App\Controllers\User->info()
#5 /volume1/team/WeTrueServer/system/CodeIgniter.php(400): CodeIgniter\CodeIgniter->runController(Object(App\Controllers\User))
#6 /volume1/team/WeTrueServer/system/CodeIgniter.php(308): CodeIgniter\CodeIgniter->handleRequest(NULL, Object(Config\Cache), false)
#7 /volume1/team/WeTrueServer/public/index.php(45): CodeIgniter\CodeIgniter->run()
#8 {main}
CRITICAL - 2021-04-06 07:52:04 --> You must set the database table to be used with your query.
#0 /volume1/team/WeTrueServer/system/Model.php(1206): CodeIgniter\Database\BaseConnection->table(NULL)
#1 /volume1/team/WeTrueServer/system/Model.php(1714): CodeIgniter\Model->builder()
#2 /volume1/team/WeTrueServer/app/Models/UserModel.php(66): CodeIgniter\Model->__call('wetConfig', Array)
#3 /volume1/team/WeTrueServer/app/Controllers/User.php(14): App\Models\UserModel->userAllInfo(NULL)
#4 /volume1/team/WeTrueServer/system/CodeIgniter.php(914): App\Controllers\User->info()
#5 /volume1/team/WeTrueServer/system/CodeIgniter.php(400): CodeIgniter\CodeIgniter->runController(Object(App\Controllers\User))
#6 /volume1/team/WeTrueServer/system/CodeIgniter.php(308): CodeIgniter\CodeIgniter->handleRequest(NULL, Object(Config\Cache), false)
#7 /volume1/team/WeTrueServer/public/index.php(45): CodeIgniter\CodeIgniter->run()
#8 {main}
CRITICAL - 2021-04-06 07:52:31 --> You must set the database table to be used with your query.
#0 /volume1/team/WeTrueServer/system/Model.php(1206): CodeIgniter\Database\BaseConnection->table(NULL)
#1 /volume1/team/WeTrueServer/system/Model.php(1714): CodeIgniter\Model->builder()
#2 /volume1/team/WeTrueServer/app/Models/UserModel.php(66): CodeIgniter\Model->__call('wetConfig', Array)
#3 /volume1/team/WeTrueServer/app/Controllers/User.php(14): App\Models\UserModel->userAllInfo('ak_2kxt6D65giv4...')
#4 /volume1/team/WeTrueServer/system/CodeIgniter.php(914): App\Controllers\User->info()
#5 /volume1/team/WeTrueServer/system/CodeIgniter.php(400): CodeIgniter\CodeIgniter->runController(Object(App\Controllers\User))
#6 /volume1/team/WeTrueServer/system/CodeIgniter.php(308): CodeIgniter\CodeIgniter->handleRequest(NULL, Object(Config\Cache), false)
#7 /volume1/team/WeTrueServer/public/index.php(45): CodeIgniter\CodeIgniter->run()
#8 {main}
CRITICAL - 2021-04-06 07:52:58 --> You must set the database table to be used with your query.
#0 /volume1/team/WeTrueServer/system/Model.php(1206): CodeIgniter\Database\BaseConnection->table(NULL)
#1 /volume1/team/WeTrueServer/system/Model.php(1714): CodeIgniter\Model->builder()
#2 /volume1/team/WeTrueServer/app/Models/UserModel.php(66): CodeIgniter\Model->__call('wetConfig', Array)
#3 /volume1/team/WeTrueServer/app/Controllers/User.php(14): App\Models\UserModel->userAllInfo(NULL)
#4 /volume1/team/WeTrueServer/system/CodeIgniter.php(914): App\Controllers\User->info()
#5 /volume1/team/WeTrueServer/system/CodeIgniter.php(400): CodeIgniter\CodeIgniter->runController(Object(App\Controllers\User))
#6 /volume1/team/WeTrueServer/system/CodeIgniter.php(308): CodeIgniter\CodeIgniter->handleRequest(NULL, Object(Config\Cache), false)
#7 /volume1/team/WeTrueServer/public/index.php(45): CodeIgniter\CodeIgniter->run()
#8 {main}
CRITICAL - 2021-04-06 07:53:16 --> You must set the database table to be used with your query.
#0 /volume1/team/WeTrueServer/system/Model.php(1206): CodeIgniter\Database\BaseConnection->table(NULL)
#1 /volume1/team/WeTrueServer/system/Model.php(1714): CodeIgniter\Model->builder()
#2 /volume1/team/WeTrueServer/app/Models/UserModel.php(66): CodeIgniter\Model->__call('wetConfig', Array)
#3 /volume1/team/WeTrueServer/app/Controllers/User.php(14): App\Models\UserModel->userAllInfo(NULL)
#4 /volume1/team/WeTrueServer/system/CodeIgniter.php(914): App\Controllers\User->info()
#5 /volume1/team/WeTrueServer/system/CodeIgniter.php(400): CodeIgniter\CodeIgniter->runController(Object(App\Controllers\User))
#6 /volume1/team/WeTrueServer/system/CodeIgniter.php(308): CodeIgniter\CodeIgniter->handleRequest(NULL, Object(Config\Cache), false)
#7 /volume1/team/WeTrueServer/public/index.php(45): CodeIgniter\CodeIgniter->run()
#8 {main}
CRITICAL - 2021-04-06 07:53:55 --> You must set the database table to be used with your query.
#0 /volume1/team/WeTrueServer/system/Model.php(1206): CodeIgniter\Database\BaseConnection->table(NULL)
#1 /volume1/team/WeTrueServer/system/Model.php(1714): CodeIgniter\Model->builder()
#2 /volume1/team/WeTrueServer/app/Models/UserModel.php(66): CodeIgniter\Model->__call('wetConfig', Array)
#3 /volume1/team/WeTrueServer/app/Controllers/User.php(14): App\Models\UserModel->userAllInfo(NULL)
#4 /volume1/team/WeTrueServer/system/CodeIgniter.php(914): App\Controllers\User->info()
#5 /volume1/team/WeTrueServer/system/CodeIgniter.php(400): CodeIgniter\CodeIgniter->runController(Object(App\Controllers\User))
#6 /volume1/team/WeTrueServer/system/CodeIgniter.php(308): CodeIgniter\CodeIgniter->handleRequest(NULL, Object(Config\Cache), false)
#7 /volume1/team/WeTrueServer/public/index.php(45): CodeIgniter\CodeIgniter->run()
#8 {main}
CRITICAL - 2021-04-06 07:53:56 --> You must set the database table to be used with your query.
#0 /volume1/team/WeTrueServer/system/Model.php(1206): CodeIgniter\Database\BaseConnection->table(NULL)
#1 /volume1/team/WeTrueServer/system/Model.php(1714): CodeIgniter\Model->builder()
#2 /volume1/team/WeTrueServer/app/Models/UserModel.php(66): CodeIgniter\Model->__call('wetConfig', Array)
#3 /volume1/team/WeTrueServer/app/Controllers/User.php(14): App\Models\UserModel->userAllInfo(NULL)
#4 /volume1/team/WeTrueServer/system/CodeIgniter.php(914): App\Controllers\User->info()
#5 /volume1/team/WeTrueServer/system/CodeIgniter.php(400): CodeIgniter\CodeIgniter->runController(Object(App\Controllers\User))
#6 /volume1/team/WeTrueServer/system/CodeIgniter.php(308): CodeIgniter\CodeIgniter->handleRequest(NULL, Object(Config\Cache), false)
#7 /volume1/team/WeTrueServer/public/index.php(45): CodeIgniter\CodeIgniter->run()
#8 {main}
CRITICAL - 2021-04-06 07:54:12 --> You must set the database table to be used with your query.
#0 /volume1/team/WeTrueServer/system/Model.php(1206): CodeIgniter\Database\BaseConnection->table(NULL)
#1 /volume1/team/WeTrueServer/system/Model.php(1714): CodeIgniter\Model->builder()
#2 /volume1/team/WeTrueServer/app/Models/UserModel.php(66): CodeIgniter\Model->__call('wetConfig', Array)
#3 /volume1/team/WeTrueServer/app/Controllers/User.php(13): App\Models\UserModel->userAllInfo(NULL)
#4 /volume1/team/WeTrueServer/system/CodeIgniter.php(914): App\Controllers\User->info()
#5 /volume1/team/WeTrueServer/system/CodeIgniter.php(400): CodeIgniter\CodeIgniter->runController(Object(App\Controllers\User))
#6 /volume1/team/WeTrueServer/system/CodeIgniter.php(308): CodeIgniter\CodeIgniter->handleRequest(NULL, Object(Config\Cache), false)
#7 /volume1/team/WeTrueServer/public/index.php(45): CodeIgniter\CodeIgniter->run()
#8 {main}
CRITICAL - 2021-04-06 07:54:12 --> You must set the database table to be used with your query.
#0 /volume1/team/WeTrueServer/system/Model.php(1206): CodeIgniter\Database\BaseConnection->table(NULL)
#1 /volume1/team/WeTrueServer/system/Model.php(1714): CodeIgniter\Model->builder()
#2 /volume1/team/WeTrueServer/app/Models/UserModel.php(66): CodeIgniter\Model->__call('wetConfig', Array)
#3 /volume1/team/WeTrueServer/app/Controllers/User.php(13): App\Models\UserModel->userAllInfo(NULL)
#4 /volume1/team/WeTrueServer/system/CodeIgniter.php(914): App\Controllers\User->info()
#5 /volume1/team/WeTrueServer/system/CodeIgniter.php(400): CodeIgniter\CodeIgniter->runController(Object(App\Controllers\User))
#6 /volume1/team/WeTrueServer/system/CodeIgniter.php(308): CodeIgniter\CodeIgniter->handleRequest(NULL, Object(Config\Cache), false)
#7 /volume1/team/WeTrueServer/public/index.php(45): CodeIgniter\CodeIgniter->run()
#8 {main}
CRITICAL - 2021-04-06 07:54:12 --> You must set the database table to be used with your query.
#0 /volume1/team/WeTrueServer/system/Model.php(1206): CodeIgniter\Database\BaseConnection->table(NULL)
#1 /volume1/team/WeTrueServer/system/Model.php(1714): CodeIgniter\Model->builder()
#2 /volume1/team/WeTrueServer/app/Models/UserModel.php(66): CodeIgniter\Model->__call('wetConfig', Array)
#3 /volume1/team/WeTrueServer/app/Controllers/User.php(13): App\Models\UserModel->userAllInfo(NULL)
#4 /volume1/team/WeTrueServer/system/CodeIgniter.php(914): App\Controllers\User->info()
#5 /volume1/team/WeTrueServer/system/CodeIgniter.php(400): CodeIgniter\CodeIgniter->runController(Object(App\Controllers\User))
#6 /volume1/team/WeTrueServer/system/CodeIgniter.php(308): CodeIgniter\CodeIgniter->handleRequest(NULL, Object(Config\Cache), false)
#7 /volume1/team/WeTrueServer/public/index.php(45): CodeIgniter\CodeIgniter->run()
#8 {main}
CRITICAL - 2021-04-06 07:54:28 --> You must set the database table to be used with your query.
#0 /volume1/team/WeTrueServer/system/Model.php(1206): CodeIgniter\Database\BaseConnection->table(NULL)
#1 /volume1/team/WeTrueServer/system/Model.php(1714): CodeIgniter\Model->builder()
#2 /volume1/team/WeTrueServer/app/Models/UserModel.php(66): CodeIgniter\Model->__call('wetConfig', Array)
#3 /volume1/team/WeTrueServer/app/Controllers/User.php(13): App\Models\UserModel->userAllInfo(NULL)
#4 /volume1/team/WeTrueServer/system/CodeIgniter.php(914): App\Controllers\User->info()
#5 /volume1/team/WeTrueServer/system/CodeIgniter.php(400): CodeIgniter\CodeIgniter->runController(Object(App\Controllers\User))
#6 /volume1/team/WeTrueServer/system/CodeIgniter.php(308): CodeIgniter\CodeIgniter->handleRequest(NULL, Object(Config\Cache), false)
#7 /volume1/team/WeTrueServer/public/index.php(45): CodeIgniter\CodeIgniter->run()
#8 {main}
CRITICAL - 2021-04-06 07:54:29 --> You must set the database table to be used with your query.
#0 /volume1/team/WeTrueServer/system/Model.php(1206): CodeIgniter\Database\BaseConnection->table(NULL)
#1 /volume1/team/WeTrueServer/system/Model.php(1714): CodeIgniter\Model->builder()
#2 /volume1/team/WeTrueServer/app/Models/UserModel.php(66): CodeIgniter\Model->__call('wetConfig', Array)
#3 /volume1/team/WeTrueServer/app/Controllers/User.php(13): App\Models\UserModel->userAllInfo(NULL)
#4 /volume1/team/WeTrueServer/system/CodeIgniter.php(914): App\Controllers\User->info()
#5 /volume1/team/WeTrueServer/system/CodeIgniter.php(400): CodeIgniter\CodeIgniter->runController(Object(App\Controllers\User))
#6 /volume1/team/WeTrueServer/system/CodeIgniter.php(308): CodeIgniter\CodeIgniter->handleRequest(NULL, Object(Config\Cache), false)
#7 /volume1/team/WeTrueServer/public/index.php(45): CodeIgniter\CodeIgniter->run()
#8 {main}
CRITICAL - 2021-04-06 07:54:47 --> You must set the database table to be used with your query.
#0 /volume1/team/WeTrueServer/system/Model.php(1206): CodeIgniter\Database\BaseConnection->table(NULL)
#1 /volume1/team/WeTrueServer/system/Model.php(1714): CodeIgniter\Model->builder()
#2 /volume1/team/WeTrueServer/app/Models/UserModel.php(66): CodeIgniter\Model->__call('wetConfig', Array)
#3 /volume1/team/WeTrueServer/app/Controllers/User.php(13): App\Models\UserModel->userAllInfo(NULL)
#4 /volume1/team/WeTrueServer/system/CodeIgniter.php(914): App\Controllers\User->info()
#5 /volume1/team/WeTrueServer/system/CodeIgniter.php(400): CodeIgniter\CodeIgniter->runController(Object(App\Controllers\User))
#6 /volume1/team/WeTrueServer/system/CodeIgniter.php(308): CodeIgniter\CodeIgniter->handleRequest(NULL, Object(Config\Cache), false)
#7 /volume1/team/WeTrueServer/public/index.php(45): CodeIgniter\CodeIgniter->run()
#8 {main}
CRITICAL - 2021-04-06 07:55:46 --> You must set the database table to be used with your query.
#0 /volume1/team/WeTrueServer/system/Model.php(1206): CodeIgniter\Database\BaseConnection->table(NULL)
#1 /volume1/team/WeTrueServer/system/Model.php(1714): CodeIgniter\Model->builder()
#2 /volume1/team/WeTrueServer/app/Models/UserModel.php(66): CodeIgniter\Model->__call('wetConfig', Array)
#3 /volume1/team/WeTrueServer/app/Controllers/User.php(13): App\Models\UserModel->userAllInfo(NULL)
#4 /volume1/team/WeTrueServer/system/CodeIgniter.php(914): App\Controllers\User->info()
#5 /volume1/team/WeTrueServer/system/CodeIgniter.php(400): CodeIgniter\CodeIgniter->runController(Object(App\Controllers\User))
#6 /volume1/team/WeTrueServer/system/CodeIgniter.php(308): CodeIgniter\CodeIgniter->handleRequest(NULL, Object(Config\Cache), false)
#7 /volume1/team/WeTrueServer/public/index.php(45): CodeIgniter\CodeIgniter->run()
#8 {main}
CRITICAL - 2021-04-06 07:56:15 --> You must set the database table to be used with your query.
#0 /volume1/team/WeTrueServer/system/Model.php(1206): CodeIgniter\Database\BaseConnection->table(NULL)
#1 /volume1/team/WeTrueServer/system/Model.php(1714): CodeIgniter\Model->builder()
#2 /volume1/team/WeTrueServer/app/Models/UserModel.php(66): CodeIgniter\Model->__call('wetConfig', Array)
#3 /volume1/team/WeTrueServer/app/Controllers/User.php(13): App\Models\UserModel->userAllInfo(NULL)
#4 /volume1/team/WeTrueServer/system/CodeIgniter.php(914): App\Controllers\User->info()
#5 /volume1/team/WeTrueServer/system/CodeIgniter.php(400): CodeIgniter\CodeIgniter->runController(Object(App\Controllers\User))
#6 /volume1/team/WeTrueServer/system/CodeIgniter.php(308): CodeIgniter\CodeIgniter->handleRequest(NULL, Object(Config\Cache), false)
#7 /volume1/team/WeTrueServer/public/index.php(45): CodeIgniter\CodeIgniter->run()
#8 {main}
CRITICAL - 2021-04-06 07:56:57 --> You must set the database table to be used with your query.
#0 /volume1/team/WeTrueServer/system/Model.php(1206): CodeIgniter\Database\BaseConnection->table(NULL)
#1 /volume1/team/WeTrueServer/system/Model.php(1714): CodeIgniter\Model->builder()
#2 /volume1/team/WeTrueServer/app/Models/UserModel.php(66): CodeIgniter\Model->__call('wetConfig', Array)
#3 /volume1/team/WeTrueServer/app/Controllers/User.php(13): App\Models\UserModel->userAllInfo(NULL, '')
#4 /volume1/team/WeTrueServer/system/CodeIgniter.php(914): App\Controllers\User->info()
#5 /volume1/team/WeTrueServer/system/CodeIgniter.php(400): CodeIgniter\CodeIgniter->runController(Object(App\Controllers\User))
#6 /volume1/team/WeTrueServer/system/CodeIgniter.php(308): CodeIgniter\CodeIgniter->handleRequest(NULL, Object(Config\Cache), false)
#7 /volume1/team/WeTrueServer/public/index.php(45): CodeIgniter\CodeIgniter->run()
#8 {main}
CRITICAL - 2021-04-06 07:56:57 --> You must set the database table to be used with your query.
#0 /volume1/team/WeTrueServer/system/Model.php(1206): CodeIgniter\Database\BaseConnection->table(NULL)
#1 /volume1/team/WeTrueServer/system/Model.php(1714): CodeIgniter\Model->builder()
#2 /volume1/team/WeTrueServer/app/Models/UserModel.php(66): CodeIgniter\Model->__call('wetConfig', Array)
#3 /volume1/team/WeTrueServer/app/Controllers/User.php(13): App\Models\UserModel->userAllInfo(NULL, '')
#4 /volume1/team/WeTrueServer/system/CodeIgniter.php(914): App\Controllers\User->info()
#5 /volume1/team/WeTrueServer/system/CodeIgniter.php(400): CodeIgniter\CodeIgniter->runController(Object(App\Controllers\User))
#6 /volume1/team/WeTrueServer/system/CodeIgniter.php(308): CodeIgniter\CodeIgniter->handleRequest(NULL, Object(Config\Cache), false)
#7 /volume1/team/WeTrueServer/public/index.php(45): CodeIgniter\CodeIgniter->run()
#8 {main}
CRITICAL - 2021-04-06 07:56:58 --> You must set the database table to be used with your query.
#0 /volume1/team/WeTrueServer/system/Model.php(1206): CodeIgniter\Database\BaseConnection->table(NULL)
#1 /volume1/team/WeTrueServer/system/Model.php(1714): CodeIgniter\Model->builder()
#2 /volume1/team/WeTrueServer/app/Models/UserModel.php(66): CodeIgniter\Model->__call('wetConfig', Array)
#3 /volume1/team/WeTrueServer/app/Controllers/User.php(13): App\Models\UserModel->userAllInfo(NULL, '')
#4 /volume1/team/WeTrueServer/system/CodeIgniter.php(914): App\Controllers\User->info()
#5 /volume1/team/WeTrueServer/system/CodeIgniter.php(400): CodeIgniter\CodeIgniter->runController(Object(App\Controllers\User))
#6 /volume1/team/WeTrueServer/system/CodeIgniter.php(308): CodeIgniter\CodeIgniter->handleRequest(NULL, Object(Config\Cache), false)
#7 /volume1/team/WeTrueServer/public/index.php(45): CodeIgniter\CodeIgniter->run()
#8 {main}
CRITICAL - 2021-04-06 07:57:09 --> You must set the database table to be used with your query.
#0 /volume1/team/WeTrueServer/system/Model.php(1206): CodeIgniter\Database\BaseConnection->table(NULL)
#1 /volume1/team/WeTrueServer/system/Model.php(1714): CodeIgniter\Model->builder()
#2 /volume1/team/WeTrueServer/app/Models/UserModel.php(66): CodeIgniter\Model->__call('wetConfig', Array)
#3 /volume1/team/WeTrueServer/app/Controllers/User.php(13): App\Models\UserModel->userAllInfo(NULL, 0)
#4 /volume1/team/WeTrueServer/system/CodeIgniter.php(914): App\Controllers\User->info()
#5 /volume1/team/WeTrueServer/system/CodeIgniter.php(400): CodeIgniter\CodeIgniter->runController(Object(App\Controllers\User))
#6 /volume1/team/WeTrueServer/system/CodeIgniter.php(308): CodeIgniter\CodeIgniter->handleRequest(NULL, Object(Config\Cache), false)
#7 /volume1/team/WeTrueServer/public/index.php(45): CodeIgniter\CodeIgniter->run()
#8 {main}
CRITICAL - 2021-04-06 07:57:10 --> You must set the database table to be used with your query.
#0 /volume1/team/WeTrueServer/system/Model.php(1206): CodeIgniter\Database\BaseConnection->table(NULL)
#1 /volume1/team/WeTrueServer/system/Model.php(1714): CodeIgniter\Model->builder()
#2 /volume1/team/WeTrueServer/app/Models/UserModel.php(66): CodeIgniter\Model->__call('wetConfig', Array)
#3 /volume1/team/WeTrueServer/app/Controllers/User.php(13): App\Models\UserModel->userAllInfo(NULL, 0)
#4 /volume1/team/WeTrueServer/system/CodeIgniter.php(914): App\Controllers\User->info()
#5 /volume1/team/WeTrueServer/system/CodeIgniter.php(400): CodeIgniter\CodeIgniter->runController(Object(App\Controllers\User))
#6 /volume1/team/WeTrueServer/system/CodeIgniter.php(308): CodeIgniter\CodeIgniter->handleRequest(NULL, Object(Config\Cache), false)
#7 /volume1/team/WeTrueServer/public/index.php(45): CodeIgniter\CodeIgniter->run()
#8 {main}
CRITICAL - 2021-04-06 07:57:25 --> You must set the database table to be used with your query.
#0 /volume1/team/WeTrueServer/system/Model.php(1206): CodeIgniter\Database\BaseConnection->table(NULL)
#1 /volume1/team/WeTrueServer/system/Model.php(1714): CodeIgniter\Model->builder()
#2 /volume1/team/WeTrueServer/app/Models/UserModel.php(66): CodeIgniter\Model->__call('wetConfig', Array)
#3 /volume1/team/WeTrueServer/app/Controllers/User.php(13): App\Models\UserModel->userAllInfo('ak_2kxt6D65giv4...')
#4 /volume1/team/WeTrueServer/system/CodeIgniter.php(914): App\Controllers\User->info()
#5 /volume1/team/WeTrueServer/system/CodeIgniter.php(400): CodeIgniter\CodeIgniter->runController(Object(App\Controllers\User))
#6 /volume1/team/WeTrueServer/system/CodeIgniter.php(308): CodeIgniter\CodeIgniter->handleRequest(NULL, Object(Config\Cache), false)
#7 /volume1/team/WeTrueServer/public/index.php(45): CodeIgniter\CodeIgniter->run()
#8 {main}
CRITICAL - 2021-04-06 07:57:35 --> You must set the database table to be used with your query.
#0 /volume1/team/WeTrueServer/system/Model.php(1206): CodeIgniter\Database\BaseConnection->table(NULL)
#1 /volume1/team/WeTrueServer/system/Model.php(1714): CodeIgniter\Model->builder()
#2 /volume1/team/WeTrueServer/app/Models/UserModel.php(66): CodeIgniter\Model->__call('wetConfig', Array)
#3 /volume1/team/WeTrueServer/app/Controllers/User.php(13): App\Models\UserModel->userAllInfo('ak_2kxt6D65giv4...')
#4 /volume1/team/WeTrueServer/system/CodeIgniter.php(914): App\Controllers\User->info()
#5 /volume1/team/WeTrueServer/system/CodeIgniter.php(400): CodeIgniter\CodeIgniter->runController(Object(App\Controllers\User))
#6 /volume1/team/WeTrueServer/system/CodeIgniter.php(308): CodeIgniter\CodeIgniter->handleRequest(NULL, Object(Config\Cache), false)
#7 /volume1/team/WeTrueServer/public/index.php(45): CodeIgniter\CodeIgniter->run()
#8 {main}
CRITICAL - 2021-04-06 07:57:43 --> You must set the database table to be used with your query.
#0 /volume1/team/WeTrueServer/system/Model.php(1206): CodeIgniter\Database\BaseConnection->table(NULL)
#1 /volume1/team/WeTrueServer/system/Model.php(1714): CodeIgniter\Model->builder()
#2 /volume1/team/WeTrueServer/app/Models/UserModel.php(66): CodeIgniter\Model->__call('wetConfig', Array)
#3 /volume1/team/WeTrueServer/app/Controllers/User.php(13): App\Models\UserModel->userAllInfo('ak_2kxt6D65giv4...')
#4 /volume1/team/WeTrueServer/system/CodeIgniter.php(914): App\Controllers\User->info()
#5 /volume1/team/WeTrueServer/system/CodeIgniter.php(400): CodeIgniter\CodeIgniter->runController(Object(App\Controllers\User))
#6 /volume1/team/WeTrueServer/system/CodeIgniter.php(308): CodeIgniter\CodeIgniter->handleRequest(NULL, Object(Config\Cache), false)
#7 /volume1/team/WeTrueServer/public/index.php(45): CodeIgniter\CodeIgniter->run()
#8 {main}
CRITICAL - 2021-04-06 07:57:53 --> You must set the database table to be used with your query.
#0 /volume1/team/WeTrueServer/system/Model.php(1206): CodeIgniter\Database\BaseConnection->table(NULL)
#1 /volume1/team/WeTrueServer/system/Model.php(1714): CodeIgniter\Model->builder()
#2 /volume1/team/WeTrueServer/app/Models/UserModel.php(66): CodeIgniter\Model->__call('wetConfig', Array)
#3 /volume1/team/WeTrueServer/app/Controllers/User.php(13): App\Models\UserModel->userAllInfo('ak_2kxt6D65giv4...')
#4 /volume1/team/WeTrueServer/system/CodeIgniter.php(914): App\Controllers\User->info()
#5 /volume1/team/WeTrueServer/system/CodeIgniter.php(400): CodeIgniter\CodeIgniter->runController(Object(App\Controllers\User))
#6 /volume1/team/WeTrueServer/system/CodeIgniter.php(308): CodeIgniter\CodeIgniter->handleRequest(NULL, Object(Config\Cache), false)
#7 /volume1/team/WeTrueServer/public/index.php(45): CodeIgniter\CodeIgniter->run()
#8 {main}
CRITICAL - 2021-04-06 07:57:55 --> You must set the database table to be used with your query.
#0 /volume1/team/WeTrueServer/system/Model.php(1206): CodeIgniter\Database\BaseConnection->table(NULL)
#1 /volume1/team/WeTrueServer/system/Model.php(1714): CodeIgniter\Model->builder()
#2 /volume1/team/WeTrueServer/app/Models/UserModel.php(66): CodeIgniter\Model->__call('wetConfig', Array)
#3 /volume1/team/WeTrueServer/app/Controllers/User.php(13): App\Models\UserModel->userAllInfo('ak_2kxt6D65giv4...')
#4 /volume1/team/WeTrueServer/system/CodeIgniter.php(914): App\Controllers\User->info()
#5 /volume1/team/WeTrueServer/system/CodeIgniter.php(400): CodeIgniter\CodeIgniter->runController(Object(App\Controllers\User))
#6 /volume1/team/WeTrueServer/system/CodeIgniter.php(308): CodeIgniter\CodeIgniter->handleRequest(NULL, Object(Config\Cache), false)
#7 /volume1/team/WeTrueServer/public/index.php(45): CodeIgniter\CodeIgniter->run()
#8 {main}
CRITICAL - 2021-04-06 07:59:11 --> You must set the database table to be used with your query.
#0 /volume1/team/WeTrueServer/system/Model.php(1206): CodeIgniter\Database\BaseConnection->table(NULL)
#1 /volume1/team/WeTrueServer/system/Model.php(1714): CodeIgniter\Model->builder()
#2 /volume1/team/WeTrueServer/app/Models/UserModel.php(66): CodeIgniter\Model->__call('wetConfig', Array)
#3 /volume1/team/WeTrueServer/app/Controllers/User.php(13): App\Models\UserModel->userAllInfo(NULL)
#4 /volume1/team/WeTrueServer/system/CodeIgniter.php(914): App\Controllers\User->info()
#5 /volume1/team/WeTrueServer/system/CodeIgniter.php(400): CodeIgniter\CodeIgniter->runController(Object(App\Controllers\User))
#6 /volume1/team/WeTrueServer/system/CodeIgniter.php(308): CodeIgniter\CodeIgniter->handleRequest(NULL, Object(Config\Cache), false)
#7 /volume1/team/WeTrueServer/public/index.php(45): CodeIgniter\CodeIgniter->run()
#8 {main}
CRITICAL - 2021-04-06 07:59:32 --> You must set the database table to be used with your query.
#0 /volume1/team/WeTrueServer/system/Model.php(1206): CodeIgniter\Database\BaseConnection->table(NULL)
#1 /volume1/team/WeTrueServer/system/Model.php(1714): CodeIgniter\Model->builder()
#2 /volume1/team/WeTrueServer/app/Models/UserModel.php(66): CodeIgniter\Model->__call('wetConfig', Array)
#3 /volume1/team/WeTrueServer/app/Controllers/User.php(13): App\Models\UserModel->userAllInfo('ak_2kxt6D65giv4...')
#4 /volume1/team/WeTrueServer/system/CodeIgniter.php(914): App\Controllers\User->info()
#5 /volume1/team/WeTrueServer/system/CodeIgniter.php(400): CodeIgniter\CodeIgniter->runController(Object(App\Controllers\User))
#6 /volume1/team/WeTrueServer/system/CodeIgniter.php(308): CodeIgniter\CodeIgniter->handleRequest(NULL, Object(Config\Cache), false)
#7 /volume1/team/WeTrueServer/public/index.php(45): CodeIgniter\CodeIgniter->run()
#8 {main}
CRITICAL - 2021-04-06 07:59:36 --> You must set the database table to be used with your query.
#0 /volume1/team/WeTrueServer/system/Model.php(1206): CodeIgniter\Database\BaseConnection->table(NULL)
#1 /volume1/team/WeTrueServer/system/Model.php(1714): CodeIgniter\Model->builder()
#2 /volume1/team/WeTrueServer/app/Models/UserModel.php(66): CodeIgniter\Model->__call('wetConfig', Array)
#3 /volume1/team/WeTrueServer/app/Controllers/User.php(13): App\Models\UserModel->userAllInfo(NULL)
#4 /volume1/team/WeTrueServer/system/CodeIgniter.php(914): App\Controllers\User->info()
#5 /volume1/team/WeTrueServer/system/CodeIgniter.php(400): CodeIgniter\CodeIgniter->runController(Object(App\Controllers\User))
#6 /volume1/team/WeTrueServer/system/CodeIgniter.php(308): CodeIgniter\CodeIgniter->handleRequest(NULL, Object(Config\Cache), false)
#7 /volume1/team/WeTrueServer/public/index.php(45): CodeIgniter\CodeIgniter->run()
#8 {main}
CRITICAL - 2021-04-06 07:59:55 --> You must set the database table to be used with your query.
#0 /volume1/team/WeTrueServer/system/Model.php(1206): CodeIgniter\Database\BaseConnection->table(NULL)
#1 /volume1/team/WeTrueServer/system/Model.php(1714): CodeIgniter\Model->builder()
#2 /volume1/team/WeTrueServer/app/Models/UserModel.php(66): CodeIgniter\Model->__call('wetConfig', Array)
#3 /volume1/team/WeTrueServer/app/Controllers/User.php(13): App\Models\UserModel->userAllInfo(NULL)
#4 /volume1/team/WeTrueServer/system/CodeIgniter.php(914): App\Controllers\User->info()
#5 /volume1/team/WeTrueServer/system/CodeIgniter.php(400): CodeIgniter\CodeIgniter->runController(Object(App\Controllers\User))
#6 /volume1/team/WeTrueServer/system/CodeIgniter.php(308): CodeIgniter\CodeIgniter->handleRequest(NULL, Object(Config\Cache), false)
#7 /volume1/team/WeTrueServer/public/index.php(45): CodeIgniter\CodeIgniter->run()
#8 {main}
