CRITICAL - 2021-04-02 09:01:39 --> Call to a member function assertHeader() on null
#0 /volume1/team/WeTrueServer/system/CodeIgniter.php(887): App\Controllers\BaseController->initController(Object(CodeIgniter\HTTP\IncomingRequest), Object(CodeIgniter\HTTP\Response), Object(CodeIgniter\Log\Logger))
#1 /volume1/team/WeTrueServer/system/CodeIgniter.php(395): CodeIgniter\CodeIgniter->createController()
#2 /volume1/team/WeTrueServer/system/CodeIgniter.php(308): CodeIgniter\CodeIgniter->handleRequest(NULL, Object(Config\Cache), false)
#3 /volume1/team/WeTrueServer/public/index.php(45): CodeIgniter\CodeIgniter->run()
#4 {main}
CRITICAL - 2021-04-02 09:04:07 --> Call to a member function assertHeader() on null
#0 /volume1/team/WeTrueServer/system/CodeIgniter.php(914): App\Controllers\Content->list()
#1 /volume1/team/WeTrueServer/system/CodeIgniter.php(400): CodeIgniter\CodeIgniter->runController(Object(App\Controllers\Content))
#2 /volume1/team/WeTrueServer/system/CodeIgniter.php(308): CodeIgniter\CodeIgniter->handleRequest(NULL, Object(Config\Cache), false)
#3 /volume1/team/WeTrueServer/public/index.php(45): CodeIgniter\CodeIgniter->run()
#4 {main}
CRITICAL - 2021-04-02 09:04:10 --> Call to a member function assertHeader() on null
#0 /volume1/team/WeTrueServer/system/CodeIgniter.php(914): App\Controllers\Content->list()
#1 /volume1/team/WeTrueServer/system/CodeIgniter.php(400): CodeIgniter\CodeIgniter->runController(Object(App\Controllers\Content))
#2 /volume1/team/WeTrueServer/system/CodeIgniter.php(308): CodeIgniter\CodeIgniter->handleRequest(NULL, Object(Config\Cache), false)
#3 /volume1/team/WeTrueServer/public/index.php(45): CodeIgniter\CodeIgniter->run()
#4 {main}
CRITICAL - 2021-04-02 09:04:16 --> Call to a member function assertHeader() on null
#0 /volume1/team/WeTrueServer/system/CodeIgniter.php(914): App\Controllers\Content->list()
#1 /volume1/team/WeTrueServer/system/CodeIgniter.php(400): CodeIgniter\CodeIgniter->runController(Object(App\Controllers\Content))
#2 /volume1/team/WeTrueServer/system/CodeIgniter.php(308): CodeIgniter\CodeIgniter->handleRequest(NULL, Object(Config\Cache), false)
#3 /volume1/team/WeTrueServer/public/index.php(45): CodeIgniter\CodeIgniter->run()
#4 {main}
CRITICAL - 2021-04-02 09:05:31 --> Call to a member function assertHeader() on null
#0 /volume1/team/WeTrueServer/system/CodeIgniter.php(914): App\Controllers\Content->list()
#1 /volume1/team/WeTrueServer/system/CodeIgniter.php(400): CodeIgniter\CodeIgniter->runController(Object(App\Controllers\Content))
#2 /volume1/team/WeTrueServer/system/CodeIgniter.php(308): CodeIgniter\CodeIgniter->handleRequest(NULL, Object(Config\Cache), false)
#3 /volume1/team/WeTrueServer/public/index.php(45): CodeIgniter\CodeIgniter->run()
#4 {main}
CRITICAL - 2021-04-02 09:05:32 --> Call to a member function assertHeader() on null
#0 /volume1/team/WeTrueServer/system/CodeIgniter.php(914): App\Controllers\Content->list()
#1 /volume1/team/WeTrueServer/system/CodeIgniter.php(400): CodeIgniter\CodeIgniter->runController(Object(App\Controllers\Content))
#2 /volume1/team/WeTrueServer/system/CodeIgniter.php(308): CodeIgniter\CodeIgniter->handleRequest(NULL, Object(Config\Cache), false)
#3 /volume1/team/WeTrueServer/public/index.php(45): CodeIgniter\CodeIgniter->run()
#4 {main}
CRITICAL - 2021-04-02 09:17:04 --> Call to a member function request_headers() on null
#0 /volume1/team/WeTrueServer/system/CodeIgniter.php(914): App\Controllers\Content->list()
#1 /volume1/team/WeTrueServer/system/CodeIgniter.php(400): CodeIgniter\CodeIgniter->runController(Object(App\Controllers\Content))
#2 /volume1/team/WeTrueServer/system/CodeIgniter.php(308): CodeIgniter\CodeIgniter->handleRequest(NULL, Object(Config\Cache), false)
#3 /volume1/team/WeTrueServer/public/index.php(45): CodeIgniter\CodeIgniter->run()
#4 {main}
CRITICAL - 2021-04-02 09:17:20 --> Call to undefined method App\Controllers\Content::request_headers()
#0 /volume1/team/WeTrueServer/system/CodeIgniter.php(914): App\Controllers\Content->list()
#1 /volume1/team/WeTrueServer/system/CodeIgniter.php(400): CodeIgniter\CodeIgniter->runController(Object(App\Controllers\Content))
#2 /volume1/team/WeTrueServer/system/CodeIgniter.php(308): CodeIgniter\CodeIgniter->handleRequest(NULL, Object(Config\Cache), false)
#3 /volume1/team/WeTrueServer/public/index.php(45): CodeIgniter\CodeIgniter->run()
#4 {main}
CRITICAL - 2021-04-02 09:21:50 --> Call to a member function header() on null
#0 /volume1/team/WeTrueServer/system/CodeIgniter.php(914): App\Controllers\Content->list()
#1 /volume1/team/WeTrueServer/system/CodeIgniter.php(400): CodeIgniter\CodeIgniter->runController(Object(App\Controllers\Content))
#2 /volume1/team/WeTrueServer/system/CodeIgniter.php(308): CodeIgniter\CodeIgniter->handleRequest(NULL, Object(Config\Cache), false)
#3 /volume1/team/WeTrueServer/public/index.php(45): CodeIgniter\CodeIgniter->run()
#4 {main}
CRITICAL - 2021-04-02 09:21:52 --> Call to a member function header() on null
#0 /volume1/team/WeTrueServer/system/CodeIgniter.php(914): App\Controllers\Content->list()
#1 /volume1/team/WeTrueServer/system/CodeIgniter.php(400): CodeIgniter\CodeIgniter->runController(Object(App\Controllers\Content))
#2 /volume1/team/WeTrueServer/system/CodeIgniter.php(308): CodeIgniter\CodeIgniter->handleRequest(NULL, Object(Config\Cache), false)
#3 /volume1/team/WeTrueServer/public/index.php(45): CodeIgniter\CodeIgniter->run()
#4 {main}
CRITICAL - 2021-04-02 09:21:53 --> Call to a member function header() on null
#0 /volume1/team/WeTrueServer/system/CodeIgniter.php(914): App\Controllers\Content->list()
#1 /volume1/team/WeTrueServer/system/CodeIgniter.php(400): CodeIgniter\CodeIgniter->runController(Object(App\Controllers\Content))
#2 /volume1/team/WeTrueServer/system/CodeIgniter.php(308): CodeIgniter\CodeIgniter->handleRequest(NULL, Object(Config\Cache), false)
#3 /volume1/team/WeTrueServer/public/index.php(45): CodeIgniter\CodeIgniter->run()
#4 {main}
CRITICAL - 2021-04-02 09:22:45 --> Call to a member function header() on null
#0 /volume1/team/WeTrueServer/system/CodeIgniter.php(914): App\Controllers\Content->list()
#1 /volume1/team/WeTrueServer/system/CodeIgniter.php(400): CodeIgniter\CodeIgniter->runController(Object(App\Controllers\Content))
#2 /volume1/team/WeTrueServer/system/CodeIgniter.php(308): CodeIgniter\CodeIgniter->handleRequest(NULL, Object(Config\Cache), false)
#3 /volume1/team/WeTrueServer/public/index.php(45): CodeIgniter\CodeIgniter->run()
#4 {main}
CRITICAL - 2021-04-02 09:22:46 --> Call to a member function header() on null
#0 /volume1/team/WeTrueServer/system/CodeIgniter.php(914): App\Controllers\Content->list()
#1 /volume1/team/WeTrueServer/system/CodeIgniter.php(400): CodeIgniter\CodeIgniter->runController(Object(App\Controllers\Content))
#2 /volume1/team/WeTrueServer/system/CodeIgniter.php(308): CodeIgniter\CodeIgniter->handleRequest(NULL, Object(Config\Cache), false)
#3 /volume1/team/WeTrueServer/public/index.php(45): CodeIgniter\CodeIgniter->run()
#4 {main}
CRITICAL - 2021-04-02 09:22:46 --> Call to a member function header() on null
#0 /volume1/team/WeTrueServer/system/CodeIgniter.php(914): App\Controllers\Content->list()
#1 /volume1/team/WeTrueServer/system/CodeIgniter.php(400): CodeIgniter\CodeIgniter->runController(Object(App\Controllers\Content))
#2 /volume1/team/WeTrueServer/system/CodeIgniter.php(308): CodeIgniter\CodeIgniter->handleRequest(NULL, Object(Config\Cache), false)
#3 /volume1/team/WeTrueServer/public/index.php(45): CodeIgniter\CodeIgniter->run()
#4 {main}
CRITICAL - 2021-04-02 09:22:47 --> Call to a member function header() on null
#0 /volume1/team/WeTrueServer/system/CodeIgniter.php(914): App\Controllers\Content->list()
#1 /volume1/team/WeTrueServer/system/CodeIgniter.php(400): CodeIgniter\CodeIgniter->runController(Object(App\Controllers\Content))
#2 /volume1/team/WeTrueServer/system/CodeIgniter.php(308): CodeIgniter\CodeIgniter->handleRequest(NULL, Object(Config\Cache), false)
#3 /volume1/team/WeTrueServer/public/index.php(45): CodeIgniter\CodeIgniter->run()
#4 {main}
CRITICAL - 2021-04-02 09:22:47 --> Call to a member function header() on null
#0 /volume1/team/WeTrueServer/system/CodeIgniter.php(914): App\Controllers\Content->list()
#1 /volume1/team/WeTrueServer/system/CodeIgniter.php(400): CodeIgniter\CodeIgniter->runController(Object(App\Controllers\Content))
#2 /volume1/team/WeTrueServer/system/CodeIgniter.php(308): CodeIgniter\CodeIgniter->handleRequest(NULL, Object(Config\Cache), false)
#3 /volume1/team/WeTrueServer/public/index.php(45): CodeIgniter\CodeIgniter->run()
#4 {main}
CRITICAL - 2021-04-02 09:22:47 --> Call to a member function header() on null
#0 /volume1/team/WeTrueServer/system/CodeIgniter.php(914): App\Controllers\Content->list()
#1 /volume1/team/WeTrueServer/system/CodeIgniter.php(400): CodeIgniter\CodeIgniter->runController(Object(App\Controllers\Content))
#2 /volume1/team/WeTrueServer/system/CodeIgniter.php(308): CodeIgniter\CodeIgniter->handleRequest(NULL, Object(Config\Cache), false)
#3 /volume1/team/WeTrueServer/public/index.php(45): CodeIgniter\CodeIgniter->run()
#4 {main}
CRITICAL - 2021-04-02 09:22:47 --> Call to a member function header() on null
#0 /volume1/team/WeTrueServer/system/CodeIgniter.php(914): App\Controllers\Content->list()
#1 /volume1/team/WeTrueServer/system/CodeIgniter.php(400): CodeIgniter\CodeIgniter->runController(Object(App\Controllers\Content))
#2 /volume1/team/WeTrueServer/system/CodeIgniter.php(308): CodeIgniter\CodeIgniter->handleRequest(NULL, Object(Config\Cache), false)
#3 /volume1/team/WeTrueServer/public/index.php(45): CodeIgniter\CodeIgniter->run()
#4 {main}
CRITICAL - 2021-04-02 09:24:03 --> Call to a member function header() on null
#0 /volume1/team/WeTrueServer/system/CodeIgniter.php(914): App\Controllers\Content->list()
#1 /volume1/team/WeTrueServer/system/CodeIgniter.php(400): CodeIgniter\CodeIgniter->runController(Object(App\Controllers\Content))
#2 /volume1/team/WeTrueServer/system/CodeIgniter.php(308): CodeIgniter\CodeIgniter->handleRequest(NULL, Object(Config\Cache), false)
#3 /volume1/team/WeTrueServer/public/index.php(45): CodeIgniter\CodeIgniter->run()
#4 {main}
CRITICAL - 2021-04-02 09:24:04 --> Call to a member function header() on null
#0 /volume1/team/WeTrueServer/system/CodeIgniter.php(914): App\Controllers\Content->list()
#1 /volume1/team/WeTrueServer/system/CodeIgniter.php(400): CodeIgniter\CodeIgniter->runController(Object(App\Controllers\Content))
#2 /volume1/team/WeTrueServer/system/CodeIgniter.php(308): CodeIgniter\CodeIgniter->handleRequest(NULL, Object(Config\Cache), false)
#3 /volume1/team/WeTrueServer/public/index.php(45): CodeIgniter\CodeIgniter->run()
#4 {main}
CRITICAL - 2021-04-02 09:24:04 --> Call to a member function header() on null
#0 /volume1/team/WeTrueServer/system/CodeIgniter.php(914): App\Controllers\Content->list()
#1 /volume1/team/WeTrueServer/system/CodeIgniter.php(400): CodeIgniter\CodeIgniter->runController(Object(App\Controllers\Content))
#2 /volume1/team/WeTrueServer/system/CodeIgniter.php(308): CodeIgniter\CodeIgniter->handleRequest(NULL, Object(Config\Cache), false)
#3 /volume1/team/WeTrueServer/public/index.php(45): CodeIgniter\CodeIgniter->run()
#4 {main}
CRITICAL - 2021-04-02 09:24:04 --> Call to a member function header() on null
#0 /volume1/team/WeTrueServer/system/CodeIgniter.php(914): App\Controllers\Content->list()
#1 /volume1/team/WeTrueServer/system/CodeIgniter.php(400): CodeIgniter\CodeIgniter->runController(Object(App\Controllers\Content))
#2 /volume1/team/WeTrueServer/system/CodeIgniter.php(308): CodeIgniter\CodeIgniter->handleRequest(NULL, Object(Config\Cache), false)
#3 /volume1/team/WeTrueServer/public/index.php(45): CodeIgniter\CodeIgniter->run()
#4 {main}
CRITICAL - 2021-04-02 09:24:04 --> Call to a member function header() on null
#0 /volume1/team/WeTrueServer/system/CodeIgniter.php(914): App\Controllers\Content->list()
#1 /volume1/team/WeTrueServer/system/CodeIgniter.php(400): CodeIgniter\CodeIgniter->runController(Object(App\Controllers\Content))
#2 /volume1/team/WeTrueServer/system/CodeIgniter.php(308): CodeIgniter\CodeIgniter->handleRequest(NULL, Object(Config\Cache), false)
#3 /volume1/team/WeTrueServer/public/index.php(45): CodeIgniter\CodeIgniter->run()
#4 {main}
CRITICAL - 2021-04-02 09:24:04 --> Call to a member function header() on null
#0 /volume1/team/WeTrueServer/system/CodeIgniter.php(914): App\Controllers\Content->list()
#1 /volume1/team/WeTrueServer/system/CodeIgniter.php(400): CodeIgniter\CodeIgniter->runController(Object(App\Controllers\Content))
#2 /volume1/team/WeTrueServer/system/CodeIgniter.php(308): CodeIgniter\CodeIgniter->handleRequest(NULL, Object(Config\Cache), false)
#3 /volume1/team/WeTrueServer/public/index.php(45): CodeIgniter\CodeIgniter->run()
#4 {main}
CRITICAL - 2021-04-02 09:27:23 --> Call to a member function setHeader() on null
#0 /volume1/team/WeTrueServer/system/CodeIgniter.php(914): App\Controllers\Content->list()
#1 /volume1/team/WeTrueServer/system/CodeIgniter.php(400): CodeIgniter\CodeIgniter->runController(Object(App\Controllers\Content))
#2 /volume1/team/WeTrueServer/system/CodeIgniter.php(308): CodeIgniter\CodeIgniter->handleRequest(NULL, Object(Config\Cache), false)
#3 /volume1/team/WeTrueServer/public/index.php(45): CodeIgniter\CodeIgniter->run()
#4 {main}
CRITICAL - 2021-04-02 09:27:23 --> Call to a member function setHeader() on null
#0 /volume1/team/WeTrueServer/system/CodeIgniter.php(914): App\Controllers\Content->list()
#1 /volume1/team/WeTrueServer/system/CodeIgniter.php(400): CodeIgniter\CodeIgniter->runController(Object(App\Controllers\Content))
#2 /volume1/team/WeTrueServer/system/CodeIgniter.php(308): CodeIgniter\CodeIgniter->handleRequest(NULL, Object(Config\Cache), false)
#3 /volume1/team/WeTrueServer/public/index.php(45): CodeIgniter\CodeIgniter->run()
#4 {main}
CRITICAL - 2021-04-02 09:28:23 --> Call to undefined method CodeIgniter\HTTP\Message::header()
#0 /volume1/team/WeTrueServer/system/CodeIgniter.php(914): App\Controllers\Content->list()
#1 /volume1/team/WeTrueServer/system/CodeIgniter.php(400): CodeIgniter\CodeIgniter->runController(Object(App\Controllers\Content))
#2 /volume1/team/WeTrueServer/system/CodeIgniter.php(308): CodeIgniter\CodeIgniter->handleRequest(NULL, Object(Config\Cache), false)
#3 /volume1/team/WeTrueServer/public/index.php(45): CodeIgniter\CodeIgniter->run()
#4 {main}
CRITICAL - 2021-04-02 09:28:24 --> Call to undefined method CodeIgniter\HTTP\Message::header()
#0 /volume1/team/WeTrueServer/system/CodeIgniter.php(914): App\Controllers\Content->list()
#1 /volume1/team/WeTrueServer/system/CodeIgniter.php(400): CodeIgniter\CodeIgniter->runController(Object(App\Controllers\Content))
#2 /volume1/team/WeTrueServer/system/CodeIgniter.php(308): CodeIgniter\CodeIgniter->handleRequest(NULL, Object(Config\Cache), false)
#3 /volume1/team/WeTrueServer/public/index.php(45): CodeIgniter\CodeIgniter->run()
#4 {main}
CRITICAL - 2021-04-02 09:28:50 --> Call to undefined method CodeIgniter\HTTP\Message::header()
#0 /volume1/team/WeTrueServer/system/CodeIgniter.php(914): App\Controllers\Content->list()
#1 /volume1/team/WeTrueServer/system/CodeIgniter.php(400): CodeIgniter\CodeIgniter->runController(Object(App\Controllers\Content))
#2 /volume1/team/WeTrueServer/system/CodeIgniter.php(308): CodeIgniter\CodeIgniter->handleRequest(NULL, Object(Config\Cache), false)
#3 /volume1/team/WeTrueServer/public/index.php(45): CodeIgniter\CodeIgniter->run()
#4 {main}
CRITICAL - 2021-04-02 09:29:55 --> Call to undefined method CodeIgniter\HTTP\Message::header()
#0 /volume1/team/WeTrueServer/system/CodeIgniter.php(914): App\Controllers\Content->list()
#1 /volume1/team/WeTrueServer/system/CodeIgniter.php(400): CodeIgniter\CodeIgniter->runController(Object(App\Controllers\Content))
#2 /volume1/team/WeTrueServer/system/CodeIgniter.php(308): CodeIgniter\CodeIgniter->handleRequest(NULL, Object(Config\Cache), false)
#3 /volume1/team/WeTrueServer/public/index.php(45): CodeIgniter\CodeIgniter->run()
#4 {main}
CRITICAL - 2021-04-02 09:34:14 --> Call to a member function setHeader() on null
#0 /volume1/team/WeTrueServer/system/CodeIgniter.php(914): App\Controllers\Content->list()
#1 /volume1/team/WeTrueServer/system/CodeIgniter.php(400): CodeIgniter\CodeIgniter->runController(Object(App\Controllers\Content))
#2 /volume1/team/WeTrueServer/system/CodeIgniter.php(308): CodeIgniter\CodeIgniter->handleRequest(NULL, Object(Config\Cache), false)
#3 /volume1/team/WeTrueServer/public/index.php(45): CodeIgniter\CodeIgniter->run()
#4 {main}
CRITICAL - 2021-04-02 09:35:13 --> Call to a member function appendHeader() on null
#0 /volume1/team/WeTrueServer/system/CodeIgniter.php(914): App\Controllers\Content->list()
#1 /volume1/team/WeTrueServer/system/CodeIgniter.php(400): CodeIgniter\CodeIgniter->runController(Object(App\Controllers\Content))
#2 /volume1/team/WeTrueServer/system/CodeIgniter.php(308): CodeIgniter\CodeIgniter->handleRequest(NULL, Object(Config\Cache), false)
#3 /volume1/team/WeTrueServer/public/index.php(45): CodeIgniter\CodeIgniter->run()
#4 {main}
CRITICAL - 2021-04-02 09:37:53 --> syntax error, unexpected '::' (T_PAAMAYIM_NEKUDOTAYIM), expecting ';' or ','
#0 /volume1/team/WeTrueServer/system/Router/Router.php(192): CodeIgniter\Router\Router->autoRoute('Content/list')
#1 /volume1/team/WeTrueServer/system/CodeIgniter.php(789): CodeIgniter\Router\Router->handle('Content/list')
#2 /volume1/team/WeTrueServer/system/CodeIgniter.php(360): CodeIgniter\CodeIgniter->tryToRouteIt(Object(CodeIgniter\Router\RouteCollection))
#3 /volume1/team/WeTrueServer/system/CodeIgniter.php(308): CodeIgniter\CodeIgniter->handleRequest(NULL, Object(Config\Cache), false)
#4 /volume1/team/WeTrueServer/public/index.php(45): CodeIgniter\CodeIgniter->run()
#5 {main}
CRITICAL - 2021-04-02 09:37:54 --> syntax error, unexpected '::' (T_PAAMAYIM_NEKUDOTAYIM), expecting ';' or ','
#0 /volume1/team/WeTrueServer/system/Router/Router.php(192): CodeIgniter\Router\Router->autoRoute('Content/list')
#1 /volume1/team/WeTrueServer/system/CodeIgniter.php(789): CodeIgniter\Router\Router->handle('Content/list')
#2 /volume1/team/WeTrueServer/system/CodeIgniter.php(360): CodeIgniter\CodeIgniter->tryToRouteIt(Object(CodeIgniter\Router\RouteCollection))
#3 /volume1/team/WeTrueServer/system/CodeIgniter.php(308): CodeIgniter\CodeIgniter->handleRequest(NULL, Object(Config\Cache), false)
#4 /volume1/team/WeTrueServer/public/index.php(45): CodeIgniter\CodeIgniter->run()
#5 {main}
CRITICAL - 2021-04-02 09:39:54 --> syntax error, unexpected '::' (T_PAAMAYIM_NEKUDOTAYIM), expecting ';' or ','
#0 /volume1/team/WeTrueServer/system/Router/Router.php(192): CodeIgniter\Router\Router->autoRoute('Content/list')
#1 /volume1/team/WeTrueServer/system/CodeIgniter.php(789): CodeIgniter\Router\Router->handle('Content/list')
#2 /volume1/team/WeTrueServer/system/CodeIgniter.php(360): CodeIgniter\CodeIgniter->tryToRouteIt(Object(CodeIgniter\Router\RouteCollection))
#3 /volume1/team/WeTrueServer/system/CodeIgniter.php(308): CodeIgniter\CodeIgniter->handleRequest(NULL, Object(Config\Cache), false)
#4 /volume1/team/WeTrueServer/public/index.php(45): CodeIgniter\CodeIgniter->run()
#5 {main}
CRITICAL - 2021-04-02 09:39:55 --> syntax error, unexpected '::' (T_PAAMAYIM_NEKUDOTAYIM), expecting ';' or ','
#0 /volume1/team/WeTrueServer/system/Router/Router.php(192): CodeIgniter\Router\Router->autoRoute('Content/list')
#1 /volume1/team/WeTrueServer/system/CodeIgniter.php(789): CodeIgniter\Router\Router->handle('Content/list')
#2 /volume1/team/WeTrueServer/system/CodeIgniter.php(360): CodeIgniter\CodeIgniter->tryToRouteIt(Object(CodeIgniter\Router\RouteCollection))
#3 /volume1/team/WeTrueServer/system/CodeIgniter.php(308): CodeIgniter\CodeIgniter->handleRequest(NULL, Object(Config\Cache), false)
#4 /volume1/team/WeTrueServer/public/index.php(45): CodeIgniter\CodeIgniter->run()
#5 {main}
CRITICAL - 2021-04-02 09:39:55 --> syntax error, unexpected '::' (T_PAAMAYIM_NEKUDOTAYIM), expecting ';' or ','
#0 /volume1/team/WeTrueServer/system/Router/Router.php(192): CodeIgniter\Router\Router->autoRoute('Content/list')
#1 /volume1/team/WeTrueServer/system/CodeIgniter.php(789): CodeIgniter\Router\Router->handle('Content/list')
#2 /volume1/team/WeTrueServer/system/CodeIgniter.php(360): CodeIgniter\CodeIgniter->tryToRouteIt(Object(CodeIgniter\Router\RouteCollection))
#3 /volume1/team/WeTrueServer/system/CodeIgniter.php(308): CodeIgniter\CodeIgniter->handleRequest(NULL, Object(Config\Cache), false)
#4 /volume1/team/WeTrueServer/public/index.php(45): CodeIgniter\CodeIgniter->run()
#5 {main}
CRITICAL - 2021-04-02 09:39:56 --> syntax error, unexpected '::' (T_PAAMAYIM_NEKUDOTAYIM), expecting ';' or ','
#0 /volume1/team/WeTrueServer/system/Router/Router.php(192): CodeIgniter\Router\Router->autoRoute('Content/list')
#1 /volume1/team/WeTrueServer/system/CodeIgniter.php(789): CodeIgniter\Router\Router->handle('Content/list')
#2 /volume1/team/WeTrueServer/system/CodeIgniter.php(360): CodeIgniter\CodeIgniter->tryToRouteIt(Object(CodeIgniter\Router\RouteCollection))
#3 /volume1/team/WeTrueServer/system/CodeIgniter.php(308): CodeIgniter\CodeIgniter->handleRequest(NULL, Object(Config\Cache), false)
#4 /volume1/team/WeTrueServer/public/index.php(45): CodeIgniter\CodeIgniter->run()
#5 {main}
CRITICAL - 2021-04-02 09:40:09 --> Call to undefined method CodeIgniter\HTTP\Message::header()
#0 /volume1/team/WeTrueServer/system/CodeIgniter.php(887): App\Controllers\BaseController->initController(Object(CodeIgniter\HTTP\IncomingRequest), Object(CodeIgniter\HTTP\Response), Object(CodeIgniter\Log\Logger))
#1 /volume1/team/WeTrueServer/system/CodeIgniter.php(395): CodeIgniter\CodeIgniter->createController()
#2 /volume1/team/WeTrueServer/system/CodeIgniter.php(308): CodeIgniter\CodeIgniter->handleRequest(NULL, Object(Config\Cache), false)
#3 /volume1/team/WeTrueServer/public/index.php(45): CodeIgniter\CodeIgniter->run()
#4 {main}
CRITICAL - 2021-04-02 09:40:22 --> Class 'App\Controllers\CodeIgniter\HTTP\Message' not found
#0 /volume1/team/WeTrueServer/system/CodeIgniter.php(887): App\Controllers\BaseController->initController(Object(CodeIgniter\HTTP\IncomingRequest), Object(CodeIgniter\HTTP\Response), Object(CodeIgniter\Log\Logger))
#1 /volume1/team/WeTrueServer/system/CodeIgniter.php(395): CodeIgniter\CodeIgniter->createController()
#2 /volume1/team/WeTrueServer/system/CodeIgniter.php(308): CodeIgniter\CodeIgniter->handleRequest(NULL, Object(Config\Cache), false)
#3 /volume1/team/WeTrueServer/public/index.php(45): CodeIgniter\CodeIgniter->run()
#4 {main}
CRITICAL - 2021-04-02 09:40:39 --> Undefined constant 'App\Controllers\CodeIgniter\HTTP\Message'
#0 /volume1/team/WeTrueServer/system/CodeIgniter.php(887): App\Controllers\BaseController->initController(Object(CodeIgniter\HTTP\IncomingRequest), Object(CodeIgniter\HTTP\Response), Object(CodeIgniter\Log\Logger))
#1 /volume1/team/WeTrueServer/system/CodeIgniter.php(395): CodeIgniter\CodeIgniter->createController()
#2 /volume1/team/WeTrueServer/system/CodeIgniter.php(308): CodeIgniter\CodeIgniter->handleRequest(NULL, Object(Config\Cache), false)
#3 /volume1/team/WeTrueServer/public/index.php(45): CodeIgniter\CodeIgniter->run()
#4 {main}
CRITICAL - 2021-04-02 09:40:46 --> Undefined constant 'CodeIgniter\HTTP\Message'
#0 /volume1/team/WeTrueServer/system/CodeIgniter.php(887): App\Controllers\BaseController->initController(Object(CodeIgniter\HTTP\IncomingRequest), Object(CodeIgniter\HTTP\Response), Object(CodeIgniter\Log\Logger))
#1 /volume1/team/WeTrueServer/system/CodeIgniter.php(395): CodeIgniter\CodeIgniter->createController()
#2 /volume1/team/WeTrueServer/system/CodeIgniter.php(308): CodeIgniter\CodeIgniter->handleRequest(NULL, Object(Config\Cache), false)
#3 /volume1/team/WeTrueServer/public/index.php(45): CodeIgniter\CodeIgniter->run()
#4 {main}
CRITICAL - 2021-04-02 09:43:20 --> Declaration of App\Controllers\BaseController::initController(CodeIgniter\HTTP\RequestInterface $request, CodeIgniter\HTTP\ResponseInterface $response, Psr\Log\LoggerInterface $logger, CodeIgniter\HTTP\Message $Message) should be compatible with CodeIgniter\Controller::initController(CodeIgniter\HTTP\RequestInterface $request, CodeIgniter\HTTP\ResponseInterface $response, Psr\Log\LoggerInterface $logger)
#0 /volume1/team/WeTrueServer/app/Controllers/BaseController.php(19): CodeIgniter\Debug\Exceptions->errorHandler(2, 'Declaration of ...', '/volume1/team/W...', 35, Array)
#1 /volume1/team/WeTrueServer/system/Autoloader/Autoloader.php(365): require_once('/volume1/team/W...')
#2 /volume1/team/WeTrueServer/system/Autoloader/Autoloader.php(296): CodeIgniter\Autoloader\Autoloader->requireFile('/volume1/team/W...')
#3 /volume1/team/WeTrueServer/system/Autoloader/Autoloader.php(258): CodeIgniter\Autoloader\Autoloader->loadInNamespace('App\\Controllers...')
#4 [internal function]: CodeIgniter\Autoloader\Autoloader->loadClass('App\\Controllers...')
#5 /volume1/team/WeTrueServer/app/Controllers/Content.php(7): spl_autoload_call('App\\Controllers...')
#6 /volume1/team/WeTrueServer/system/Router/Router.php(575): include_once('/volume1/team/W...')
#7 /volume1/team/WeTrueServer/system/Router/Router.php(192): CodeIgniter\Router\Router->autoRoute('Content/list')
#8 /volume1/team/WeTrueServer/system/CodeIgniter.php(789): CodeIgniter\Router\Router->handle('Content/list')
#9 /volume1/team/WeTrueServer/system/CodeIgniter.php(360): CodeIgniter\CodeIgniter->tryToRouteIt(Object(CodeIgniter\Router\RouteCollection))
#10 /volume1/team/WeTrueServer/system/CodeIgniter.php(308): CodeIgniter\CodeIgniter->handleRequest(NULL, Object(Config\Cache), false)
#11 /volume1/team/WeTrueServer/public/index.php(45): CodeIgniter\CodeIgniter->run()
#12 {main}
CRITICAL - 2021-04-02 09:47:03 --> Call to undefined method App\Controllers\Content::getHeader()
#0 /volume1/team/WeTrueServer/system/CodeIgniter.php(914): App\Controllers\Content->list()
#1 /volume1/team/WeTrueServer/system/CodeIgniter.php(400): CodeIgniter\CodeIgniter->runController(Object(App\Controllers\Content))
#2 /volume1/team/WeTrueServer/system/CodeIgniter.php(308): CodeIgniter\CodeIgniter->handleRequest(NULL, Object(Config\Cache), false)
#3 /volume1/team/WeTrueServer/public/index.php(45): CodeIgniter\CodeIgniter->run()
#4 {main}
CRITICAL - 2021-04-02 09:47:36 --> Too few arguments to function CodeIgniter\HTTP\Header::__construct(), 0 passed in /volume1/team/WeTrueServer/app/Controllers/Content.php on line 15 and at least 1 expected
#0 /volume1/team/WeTrueServer/app/Controllers/Content.php(15): CodeIgniter\HTTP\Header->__construct()
#1 /volume1/team/WeTrueServer/system/CodeIgniter.php(914): App\Controllers\Content->list()
#2 /volume1/team/WeTrueServer/system/CodeIgniter.php(400): CodeIgniter\CodeIgniter->runController(Object(App\Controllers\Content))
#3 /volume1/team/WeTrueServer/system/CodeIgniter.php(308): CodeIgniter\CodeIgniter->handleRequest(NULL, Object(Config\Cache), false)
#4 /volume1/team/WeTrueServer/public/index.php(45): CodeIgniter\CodeIgniter->run()
#5 {main}
CRITICAL - 2021-04-02 09:47:37 --> Too few arguments to function CodeIgniter\HTTP\Header::__construct(), 0 passed in /volume1/team/WeTrueServer/app/Controllers/Content.php on line 15 and at least 1 expected
#0 /volume1/team/WeTrueServer/app/Controllers/Content.php(15): CodeIgniter\HTTP\Header->__construct()
#1 /volume1/team/WeTrueServer/system/CodeIgniter.php(914): App\Controllers\Content->list()
#2 /volume1/team/WeTrueServer/system/CodeIgniter.php(400): CodeIgniter\CodeIgniter->runController(Object(App\Controllers\Content))
#3 /volume1/team/WeTrueServer/system/CodeIgniter.php(308): CodeIgniter\CodeIgniter->handleRequest(NULL, Object(Config\Cache), false)
#4 /volume1/team/WeTrueServer/public/index.php(45): CodeIgniter\CodeIgniter->run()
#5 {main}
CRITICAL - 2021-04-02 09:47:37 --> Too few arguments to function CodeIgniter\HTTP\Header::__construct(), 0 passed in /volume1/team/WeTrueServer/app/Controllers/Content.php on line 15 and at least 1 expected
#0 /volume1/team/WeTrueServer/app/Controllers/Content.php(15): CodeIgniter\HTTP\Header->__construct()
#1 /volume1/team/WeTrueServer/system/CodeIgniter.php(914): App\Controllers\Content->list()
#2 /volume1/team/WeTrueServer/system/CodeIgniter.php(400): CodeIgniter\CodeIgniter->runController(Object(App\Controllers\Content))
#3 /volume1/team/WeTrueServer/system/CodeIgniter.php(308): CodeIgniter\CodeIgniter->handleRequest(NULL, Object(Config\Cache), false)
#4 /volume1/team/WeTrueServer/public/index.php(45): CodeIgniter\CodeIgniter->run()
#5 {main}
CRITICAL - 2021-04-02 09:48:16 --> Too few arguments to function CodeIgniter\HTTP\Header::__construct(), 0 passed in /volume1/team/WeTrueServer/app/Controllers/Content.php on line 15 and at least 1 expected
#0 /volume1/team/WeTrueServer/app/Controllers/Content.php(15): CodeIgniter\HTTP\Header->__construct()
#1 /volume1/team/WeTrueServer/system/CodeIgniter.php(914): App\Controllers\Content->list()
#2 /volume1/team/WeTrueServer/system/CodeIgniter.php(400): CodeIgniter\CodeIgniter->runController(Object(App\Controllers\Content))
#3 /volume1/team/WeTrueServer/system/CodeIgniter.php(308): CodeIgniter\CodeIgniter->handleRequest(NULL, Object(Config\Cache), false)
#4 /volume1/team/WeTrueServer/public/index.php(45): CodeIgniter\CodeIgniter->run()
#5 {main}
CRITICAL - 2021-04-02 09:48:26 --> Too few arguments to function CodeIgniter\HTTP\Header::__construct(), 0 passed in /volume1/team/WeTrueServer/app/Controllers/Content.php on line 15 and at least 1 expected
#0 /volume1/team/WeTrueServer/app/Controllers/Content.php(15): CodeIgniter\HTTP\Header->__construct()
#1 /volume1/team/WeTrueServer/system/CodeIgniter.php(914): App\Controllers\Content->list()
#2 /volume1/team/WeTrueServer/system/CodeIgniter.php(400): CodeIgniter\CodeIgniter->runController(Object(App\Controllers\Content))
#3 /volume1/team/WeTrueServer/system/CodeIgniter.php(308): CodeIgniter\CodeIgniter->handleRequest(NULL, Object(Config\Cache), false)
#4 /volume1/team/WeTrueServer/public/index.php(45): CodeIgniter\CodeIgniter->run()
#5 {main}
CRITICAL - 2021-04-02 09:48:45 --> Too few arguments to function CodeIgniter\HTTP\Header::__construct(), 0 passed in /volume1/team/WeTrueServer/app/Controllers/Content.php on line 15 and at least 1 expected
#0 /volume1/team/WeTrueServer/app/Controllers/Content.php(15): CodeIgniter\HTTP\Header->__construct()
#1 /volume1/team/WeTrueServer/system/CodeIgniter.php(914): App\Controllers\Content->list()
#2 /volume1/team/WeTrueServer/system/CodeIgniter.php(400): CodeIgniter\CodeIgniter->runController(Object(App\Controllers\Content))
#3 /volume1/team/WeTrueServer/system/CodeIgniter.php(308): CodeIgniter\CodeIgniter->handleRequest(NULL, Object(Config\Cache), false)
#4 /volume1/team/WeTrueServer/public/index.php(45): CodeIgniter\CodeIgniter->run()
#5 {main}
CRITICAL - 2021-04-02 09:48:45 --> Too few arguments to function CodeIgniter\HTTP\Header::__construct(), 0 passed in /volume1/team/WeTrueServer/app/Controllers/Content.php on line 15 and at least 1 expected
#0 /volume1/team/WeTrueServer/app/Controllers/Content.php(15): CodeIgniter\HTTP\Header->__construct()
#1 /volume1/team/WeTrueServer/system/CodeIgniter.php(914): App\Controllers\Content->list()
#2 /volume1/team/WeTrueServer/system/CodeIgniter.php(400): CodeIgniter\CodeIgniter->runController(Object(App\Controllers\Content))
#3 /volume1/team/WeTrueServer/system/CodeIgniter.php(308): CodeIgniter\CodeIgniter->handleRequest(NULL, Object(Config\Cache), false)
#4 /volume1/team/WeTrueServer/public/index.php(45): CodeIgniter\CodeIgniter->run()
#5 {main}
CRITICAL - 2021-04-02 09:48:46 --> Too few arguments to function CodeIgniter\HTTP\Header::__construct(), 0 passed in /volume1/team/WeTrueServer/app/Controllers/Content.php on line 15 and at least 1 expected
#0 /volume1/team/WeTrueServer/app/Controllers/Content.php(15): CodeIgniter\HTTP\Header->__construct()
#1 /volume1/team/WeTrueServer/system/CodeIgniter.php(914): App\Controllers\Content->list()
#2 /volume1/team/WeTrueServer/system/CodeIgniter.php(400): CodeIgniter\CodeIgniter->runController(Object(App\Controllers\Content))
#3 /volume1/team/WeTrueServer/system/CodeIgniter.php(308): CodeIgniter\CodeIgniter->handleRequest(NULL, Object(Config\Cache), false)
#4 /volume1/team/WeTrueServer/public/index.php(45): CodeIgniter\CodeIgniter->run()
#5 {main}
CRITICAL - 2021-04-02 09:48:46 --> Too few arguments to function CodeIgniter\HTTP\Header::__construct(), 0 passed in /volume1/team/WeTrueServer/app/Controllers/Content.php on line 15 and at least 1 expected
#0 /volume1/team/WeTrueServer/app/Controllers/Content.php(15): CodeIgniter\HTTP\Header->__construct()
#1 /volume1/team/WeTrueServer/system/CodeIgniter.php(914): App\Controllers\Content->list()
#2 /volume1/team/WeTrueServer/system/CodeIgniter.php(400): CodeIgniter\CodeIgniter->runController(Object(App\Controllers\Content))
#3 /volume1/team/WeTrueServer/system/CodeIgniter.php(308): CodeIgniter\CodeIgniter->handleRequest(NULL, Object(Config\Cache), false)
#4 /volume1/team/WeTrueServer/public/index.php(45): CodeIgniter\CodeIgniter->run()
#5 {main}
CRITICAL - 2021-04-02 09:48:47 --> Too few arguments to function CodeIgniter\HTTP\Header::__construct(), 0 passed in /volume1/team/WeTrueServer/app/Controllers/Content.php on line 15 and at least 1 expected
#0 /volume1/team/WeTrueServer/app/Controllers/Content.php(15): CodeIgniter\HTTP\Header->__construct()
#1 /volume1/team/WeTrueServer/system/CodeIgniter.php(914): App\Controllers\Content->list()
#2 /volume1/team/WeTrueServer/system/CodeIgniter.php(400): CodeIgniter\CodeIgniter->runController(Object(App\Controllers\Content))
#3 /volume1/team/WeTrueServer/system/CodeIgniter.php(308): CodeIgniter\CodeIgniter->handleRequest(NULL, Object(Config\Cache), false)
#4 /volume1/team/WeTrueServer/public/index.php(45): CodeIgniter\CodeIgniter->run()
#5 {main}
CRITICAL - 2021-04-02 09:48:57 --> Call to a member function getHeader() on null
#0 /volume1/team/WeTrueServer/system/CodeIgniter.php(914): App\Controllers\Content->list()
#1 /volume1/team/WeTrueServer/system/CodeIgniter.php(400): CodeIgniter\CodeIgniter->runController(Object(App\Controllers\Content))
#2 /volume1/team/WeTrueServer/system/CodeIgniter.php(308): CodeIgniter\CodeIgniter->handleRequest(NULL, Object(Config\Cache), false)
#3 /volume1/team/WeTrueServer/public/index.php(45): CodeIgniter\CodeIgniter->run()
#4 {main}
CRITICAL - 2021-04-02 09:49:16 --> Call to a member function getHeader() on null
#0 /volume1/team/WeTrueServer/system/CodeIgniter.php(914): App\Controllers\Content->list()
#1 /volume1/team/WeTrueServer/system/CodeIgniter.php(400): CodeIgniter\CodeIgniter->runController(Object(App\Controllers\Content))
#2 /volume1/team/WeTrueServer/system/CodeIgniter.php(308): CodeIgniter\CodeIgniter->handleRequest(NULL, Object(Config\Cache), false)
#3 /volume1/team/WeTrueServer/public/index.php(45): CodeIgniter\CodeIgniter->run()
#4 {main}
CRITICAL - 2021-04-02 09:49:22 --> Too few arguments to function CodeIgniter\HTTP\Header::__construct(), 0 passed in /volume1/team/WeTrueServer/app/Controllers/Content.php on line 15 and at least 1 expected
#0 /volume1/team/WeTrueServer/app/Controllers/Content.php(15): CodeIgniter\HTTP\Header->__construct()
#1 /volume1/team/WeTrueServer/system/CodeIgniter.php(914): App\Controllers\Content->list()
#2 /volume1/team/WeTrueServer/system/CodeIgniter.php(400): CodeIgniter\CodeIgniter->runController(Object(App\Controllers\Content))
#3 /volume1/team/WeTrueServer/system/CodeIgniter.php(308): CodeIgniter\CodeIgniter->handleRequest(NULL, Object(Config\Cache), false)
#4 /volume1/team/WeTrueServer/public/index.php(45): CodeIgniter\CodeIgniter->run()
#5 {main}
CRITICAL - 2021-04-02 09:49:29 --> Too few arguments to function CodeIgniter\HTTP\Header::__construct(), 0 passed in /volume1/team/WeTrueServer/app/Controllers/Content.php on line 15 and at least 1 expected
#0 /volume1/team/WeTrueServer/app/Controllers/Content.php(15): CodeIgniter\HTTP\Header->__construct()
#1 /volume1/team/WeTrueServer/system/CodeIgniter.php(914): App\Controllers\Content->list()
#2 /volume1/team/WeTrueServer/system/CodeIgniter.php(400): CodeIgniter\CodeIgniter->runController(Object(App\Controllers\Content))
#3 /volume1/team/WeTrueServer/system/CodeIgniter.php(308): CodeIgniter\CodeIgniter->handleRequest(NULL, Object(Config\Cache), false)
#4 /volume1/team/WeTrueServer/public/index.php(45): CodeIgniter\CodeIgniter->run()
#5 {main}
CRITICAL - 2021-04-02 09:49:30 --> Too few arguments to function CodeIgniter\HTTP\Header::__construct(), 0 passed in /volume1/team/WeTrueServer/app/Controllers/Content.php on line 15 and at least 1 expected
#0 /volume1/team/WeTrueServer/app/Controllers/Content.php(15): CodeIgniter\HTTP\Header->__construct()
#1 /volume1/team/WeTrueServer/system/CodeIgniter.php(914): App\Controllers\Content->list()
#2 /volume1/team/WeTrueServer/system/CodeIgniter.php(400): CodeIgniter\CodeIgniter->runController(Object(App\Controllers\Content))
#3 /volume1/team/WeTrueServer/system/CodeIgniter.php(308): CodeIgniter\CodeIgniter->handleRequest(NULL, Object(Config\Cache), false)
#4 /volume1/team/WeTrueServer/public/index.php(45): CodeIgniter\CodeIgniter->run()
#5 {main}
CRITICAL - 2021-04-02 09:49:30 --> Too few arguments to function CodeIgniter\HTTP\Header::__construct(), 0 passed in /volume1/team/WeTrueServer/app/Controllers/Content.php on line 15 and at least 1 expected
#0 /volume1/team/WeTrueServer/app/Controllers/Content.php(15): CodeIgniter\HTTP\Header->__construct()
#1 /volume1/team/WeTrueServer/system/CodeIgniter.php(914): App\Controllers\Content->list()
#2 /volume1/team/WeTrueServer/system/CodeIgniter.php(400): CodeIgniter\CodeIgniter->runController(Object(App\Controllers\Content))
#3 /volume1/team/WeTrueServer/system/CodeIgniter.php(308): CodeIgniter\CodeIgniter->handleRequest(NULL, Object(Config\Cache), false)
#4 /volume1/team/WeTrueServer/public/index.php(45): CodeIgniter\CodeIgniter->run()
#5 {main}
CRITICAL - 2021-04-02 09:49:30 --> Too few arguments to function CodeIgniter\HTTP\Header::__construct(), 0 passed in /volume1/team/WeTrueServer/app/Controllers/Content.php on line 15 and at least 1 expected
#0 /volume1/team/WeTrueServer/app/Controllers/Content.php(15): CodeIgniter\HTTP\Header->__construct()
#1 /volume1/team/WeTrueServer/system/CodeIgniter.php(914): App\Controllers\Content->list()
#2 /volume1/team/WeTrueServer/system/CodeIgniter.php(400): CodeIgniter\CodeIgniter->runController(Object(App\Controllers\Content))
#3 /volume1/team/WeTrueServer/system/CodeIgniter.php(308): CodeIgniter\CodeIgniter->handleRequest(NULL, Object(Config\Cache), false)
#4 /volume1/team/WeTrueServer/public/index.php(45): CodeIgniter\CodeIgniter->run()
#5 {main}
CRITICAL - 2021-04-02 09:49:31 --> Too few arguments to function CodeIgniter\HTTP\Header::__construct(), 0 passed in /volume1/team/WeTrueServer/app/Controllers/Content.php on line 15 and at least 1 expected
#0 /volume1/team/WeTrueServer/app/Controllers/Content.php(15): CodeIgniter\HTTP\Header->__construct()
#1 /volume1/team/WeTrueServer/system/CodeIgniter.php(914): App\Controllers\Content->list()
#2 /volume1/team/WeTrueServer/system/CodeIgniter.php(400): CodeIgniter\CodeIgniter->runController(Object(App\Controllers\Content))
#3 /volume1/team/WeTrueServer/system/CodeIgniter.php(308): CodeIgniter\CodeIgniter->handleRequest(NULL, Object(Config\Cache), false)
#4 /volume1/team/WeTrueServer/public/index.php(45): CodeIgniter\CodeIgniter->run()
#5 {main}
CRITICAL - 2021-04-02 09:49:31 --> Too few arguments to function CodeIgniter\HTTP\Header::__construct(), 0 passed in /volume1/team/WeTrueServer/app/Controllers/Content.php on line 15 and at least 1 expected
#0 /volume1/team/WeTrueServer/app/Controllers/Content.php(15): CodeIgniter\HTTP\Header->__construct()
#1 /volume1/team/WeTrueServer/system/CodeIgniter.php(914): App\Controllers\Content->list()
#2 /volume1/team/WeTrueServer/system/CodeIgniter.php(400): CodeIgniter\CodeIgniter->runController(Object(App\Controllers\Content))
#3 /volume1/team/WeTrueServer/system/CodeIgniter.php(308): CodeIgniter\CodeIgniter->handleRequest(NULL, Object(Config\Cache), false)
#4 /volume1/team/WeTrueServer/public/index.php(45): CodeIgniter\CodeIgniter->run()
#5 {main}
CRITICAL - 2021-04-02 09:49:46 --> Too few arguments to function CodeIgniter\HTTP\Header::__construct(), 0 passed in /volume1/team/WeTrueServer/app/Controllers/Content.php on line 15 and at least 1 expected
#0 /volume1/team/WeTrueServer/app/Controllers/Content.php(15): CodeIgniter\HTTP\Header->__construct()
#1 /volume1/team/WeTrueServer/system/CodeIgniter.php(914): App\Controllers\Content->list()
#2 /volume1/team/WeTrueServer/system/CodeIgniter.php(400): CodeIgniter\CodeIgniter->runController(Object(App\Controllers\Content))
#3 /volume1/team/WeTrueServer/system/CodeIgniter.php(308): CodeIgniter\CodeIgniter->handleRequest(NULL, Object(Config\Cache), false)
#4 /volume1/team/WeTrueServer/public/index.php(45): CodeIgniter\CodeIgniter->run()
#5 {main}
CRITICAL - 2021-04-02 09:49:46 --> Too few arguments to function CodeIgniter\HTTP\Header::__construct(), 0 passed in /volume1/team/WeTrueServer/app/Controllers/Content.php on line 15 and at least 1 expected
#0 /volume1/team/WeTrueServer/app/Controllers/Content.php(15): CodeIgniter\HTTP\Header->__construct()
#1 /volume1/team/WeTrueServer/system/CodeIgniter.php(914): App\Controllers\Content->list()
#2 /volume1/team/WeTrueServer/system/CodeIgniter.php(400): CodeIgniter\CodeIgniter->runController(Object(App\Controllers\Content))
#3 /volume1/team/WeTrueServer/system/CodeIgniter.php(308): CodeIgniter\CodeIgniter->handleRequest(NULL, Object(Config\Cache), false)
#4 /volume1/team/WeTrueServer/public/index.php(45): CodeIgniter\CodeIgniter->run()
#5 {main}
CRITICAL - 2021-04-02 09:49:47 --> Too few arguments to function CodeIgniter\HTTP\Header::__construct(), 0 passed in /volume1/team/WeTrueServer/app/Controllers/Content.php on line 15 and at least 1 expected
#0 /volume1/team/WeTrueServer/app/Controllers/Content.php(15): CodeIgniter\HTTP\Header->__construct()
#1 /volume1/team/WeTrueServer/system/CodeIgniter.php(914): App\Controllers\Content->list()
#2 /volume1/team/WeTrueServer/system/CodeIgniter.php(400): CodeIgniter\CodeIgniter->runController(Object(App\Controllers\Content))
#3 /volume1/team/WeTrueServer/system/CodeIgniter.php(308): CodeIgniter\CodeIgniter->handleRequest(NULL, Object(Config\Cache), false)
#4 /volume1/team/WeTrueServer/public/index.php(45): CodeIgniter\CodeIgniter->run()
#5 {main}
CRITICAL - 2021-04-02 09:49:48 --> Too few arguments to function CodeIgniter\HTTP\Header::__construct(), 0 passed in /volume1/team/WeTrueServer/app/Controllers/Content.php on line 15 and at least 1 expected
#0 /volume1/team/WeTrueServer/app/Controllers/Content.php(15): CodeIgniter\HTTP\Header->__construct()
#1 /volume1/team/WeTrueServer/system/CodeIgniter.php(914): App\Controllers\Content->list()
#2 /volume1/team/WeTrueServer/system/CodeIgniter.php(400): CodeIgniter\CodeIgniter->runController(Object(App\Controllers\Content))
#3 /volume1/team/WeTrueServer/system/CodeIgniter.php(308): CodeIgniter\CodeIgniter->handleRequest(NULL, Object(Config\Cache), false)
#4 /volume1/team/WeTrueServer/public/index.php(45): CodeIgniter\CodeIgniter->run()
#5 {main}
CRITICAL - 2021-04-02 09:49:48 --> Too few arguments to function CodeIgniter\HTTP\Header::__construct(), 0 passed in /volume1/team/WeTrueServer/app/Controllers/Content.php on line 15 and at least 1 expected
#0 /volume1/team/WeTrueServer/app/Controllers/Content.php(15): CodeIgniter\HTTP\Header->__construct()
#1 /volume1/team/WeTrueServer/system/CodeIgniter.php(914): App\Controllers\Content->list()
#2 /volume1/team/WeTrueServer/system/CodeIgniter.php(400): CodeIgniter\CodeIgniter->runController(Object(App\Controllers\Content))
#3 /volume1/team/WeTrueServer/system/CodeIgniter.php(308): CodeIgniter\CodeIgniter->handleRequest(NULL, Object(Config\Cache), false)
#4 /volume1/team/WeTrueServer/public/index.php(45): CodeIgniter\CodeIgniter->run()
#5 {main}
CRITICAL - 2021-04-02 09:51:56 --> Call to a member function getHeader() on null
#0 /volume1/team/WeTrueServer/system/CodeIgniter.php(914): App\Controllers\Content->list()
#1 /volume1/team/WeTrueServer/system/CodeIgniter.php(400): CodeIgniter\CodeIgniter->runController(Object(App\Controllers\Content))
#2 /volume1/team/WeTrueServer/system/CodeIgniter.php(308): CodeIgniter\CodeIgniter->handleRequest(NULL, Object(Config\Cache), false)
#3 /volume1/team/WeTrueServer/public/index.php(45): CodeIgniter\CodeIgniter->run()
#4 {main}
CRITICAL - 2021-04-02 09:55:14 --> Call to a member function appendHeader() on null
#0 /volume1/team/WeTrueServer/system/CodeIgniter.php(914): App\Controllers\Content->list()
#1 /volume1/team/WeTrueServer/system/CodeIgniter.php(400): CodeIgniter\CodeIgniter->runController(Object(App\Controllers\Content))
#2 /volume1/team/WeTrueServer/system/CodeIgniter.php(308): CodeIgniter\CodeIgniter->handleRequest(NULL, Object(Config\Cache), false)
#3 /volume1/team/WeTrueServer/public/index.php(45): CodeIgniter\CodeIgniter->run()
#4 {main}
CRITICAL - 2021-04-02 09:56:38 --> Call to a member function appendHeader() on null
#0 /volume1/team/WeTrueServer/system/CodeIgniter.php(914): App\Controllers\Content->list()
#1 /volume1/team/WeTrueServer/system/CodeIgniter.php(400): CodeIgniter\CodeIgniter->runController(Object(App\Controllers\Content))
#2 /volume1/team/WeTrueServer/system/CodeIgniter.php(308): CodeIgniter\CodeIgniter->handleRequest(NULL, Object(Config\Cache), false)
#3 /volume1/team/WeTrueServer/public/index.php(45): CodeIgniter\CodeIgniter->run()
#4 {main}
CRITICAL - 2021-04-02 09:56:45 --> Call to a member function appendHeader() on null
#0 /volume1/team/WeTrueServer/system/CodeIgniter.php(914): App\Controllers\Content->list()
#1 /volume1/team/WeTrueServer/system/CodeIgniter.php(400): CodeIgniter\CodeIgniter->runController(Object(App\Controllers\Content))
#2 /volume1/team/WeTrueServer/system/CodeIgniter.php(308): CodeIgniter\CodeIgniter->handleRequest(NULL, Object(Config\Cache), false)
#3 /volume1/team/WeTrueServer/public/index.php(45): CodeIgniter\CodeIgniter->run()
#4 {main}
CRITICAL - 2021-04-02 09:57:40 --> Too few arguments to function CodeIgniter\HTTP\Message::appendHeader(), 1 passed in /volume1/team/WeTrueServer/app/Controllers/Content.php on line 18 and exactly 2 expected
#0 /volume1/team/WeTrueServer/app/Controllers/Content.php(18): CodeIgniter\HTTP\Message->appendHeader('ak-token')
#1 /volume1/team/WeTrueServer/system/CodeIgniter.php(914): App\Controllers\Content->list()
#2 /volume1/team/WeTrueServer/system/CodeIgniter.php(400): CodeIgniter\CodeIgniter->runController(Object(App\Controllers\Content))
#3 /volume1/team/WeTrueServer/system/CodeIgniter.php(308): CodeIgniter\CodeIgniter->handleRequest(NULL, Object(Config\Cache), false)
#4 /volume1/team/WeTrueServer/public/index.php(45): CodeIgniter\CodeIgniter->run()
#5 {main}
CRITICAL - 2021-04-02 09:57:41 --> Too few arguments to function CodeIgniter\HTTP\Message::appendHeader(), 1 passed in /volume1/team/WeTrueServer/app/Controllers/Content.php on line 18 and exactly 2 expected
#0 /volume1/team/WeTrueServer/app/Controllers/Content.php(18): CodeIgniter\HTTP\Message->appendHeader('ak-token')
#1 /volume1/team/WeTrueServer/system/CodeIgniter.php(914): App\Controllers\Content->list()
#2 /volume1/team/WeTrueServer/system/CodeIgniter.php(400): CodeIgniter\CodeIgniter->runController(Object(App\Controllers\Content))
#3 /volume1/team/WeTrueServer/system/CodeIgniter.php(308): CodeIgniter\CodeIgniter->handleRequest(NULL, Object(Config\Cache), false)
#4 /volume1/team/WeTrueServer/public/index.php(45): CodeIgniter\CodeIgniter->run()
#5 {main}
CRITICAL - 2021-04-02 09:58:00 --> Too few arguments to function CodeIgniter\HTTP\Message::appendHeader(), 1 passed in /volume1/team/WeTrueServer/app/Controllers/Content.php on line 18 and exactly 2 expected
#0 /volume1/team/WeTrueServer/app/Controllers/Content.php(18): CodeIgniter\HTTP\Message->appendHeader('ak-token')
#1 /volume1/team/WeTrueServer/system/CodeIgniter.php(914): App\Controllers\Content->list()
#2 /volume1/team/WeTrueServer/system/CodeIgniter.php(400): CodeIgniter\CodeIgniter->runController(Object(App\Controllers\Content))
#3 /volume1/team/WeTrueServer/system/CodeIgniter.php(308): CodeIgniter\CodeIgniter->handleRequest(NULL, Object(Config\Cache), false)
#4 /volume1/team/WeTrueServer/public/index.php(45): CodeIgniter\CodeIgniter->run()
#5 {main}
CRITICAL - 2021-04-02 09:58:13 --> Too few arguments to function CodeIgniter\HTTP\Message::appendHeader(), 1 passed in /volume1/team/WeTrueServer/app/Controllers/Content.php on line 18 and exactly 2 expected
#0 /volume1/team/WeTrueServer/app/Controllers/Content.php(18): CodeIgniter\HTTP\Message->appendHeader('ak-token')
#1 /volume1/team/WeTrueServer/system/CodeIgniter.php(914): App\Controllers\Content->list()
#2 /volume1/team/WeTrueServer/system/CodeIgniter.php(400): CodeIgniter\CodeIgniter->runController(Object(App\Controllers\Content))
#3 /volume1/team/WeTrueServer/system/CodeIgniter.php(308): CodeIgniter\CodeIgniter->handleRequest(NULL, Object(Config\Cache), false)
#4 /volume1/team/WeTrueServer/public/index.php(45): CodeIgniter\CodeIgniter->run()
#5 {main}
CRITICAL - 2021-04-02 09:58:13 --> Too few arguments to function CodeIgniter\HTTP\Message::appendHeader(), 1 passed in /volume1/team/WeTrueServer/app/Controllers/Content.php on line 18 and exactly 2 expected
#0 /volume1/team/WeTrueServer/app/Controllers/Content.php(18): CodeIgniter\HTTP\Message->appendHeader('ak-token')
#1 /volume1/team/WeTrueServer/system/CodeIgniter.php(914): App\Controllers\Content->list()
#2 /volume1/team/WeTrueServer/system/CodeIgniter.php(400): CodeIgniter\CodeIgniter->runController(Object(App\Controllers\Content))
#3 /volume1/team/WeTrueServer/system/CodeIgniter.php(308): CodeIgniter\CodeIgniter->handleRequest(NULL, Object(Config\Cache), false)
#4 /volume1/team/WeTrueServer/public/index.php(45): CodeIgniter\CodeIgniter->run()
#5 {main}
CRITICAL - 2021-04-02 09:58:14 --> Too few arguments to function CodeIgniter\HTTP\Message::appendHeader(), 1 passed in /volume1/team/WeTrueServer/app/Controllers/Content.php on line 18 and exactly 2 expected
#0 /volume1/team/WeTrueServer/app/Controllers/Content.php(18): CodeIgniter\HTTP\Message->appendHeader('ak-token')
#1 /volume1/team/WeTrueServer/system/CodeIgniter.php(914): App\Controllers\Content->list()
#2 /volume1/team/WeTrueServer/system/CodeIgniter.php(400): CodeIgniter\CodeIgniter->runController(Object(App\Controllers\Content))
#3 /volume1/team/WeTrueServer/system/CodeIgniter.php(308): CodeIgniter\CodeIgniter->handleRequest(NULL, Object(Config\Cache), false)
#4 /volume1/team/WeTrueServer/public/index.php(45): CodeIgniter\CodeIgniter->run()
#5 {main}
CRITICAL - 2021-04-02 09:58:30 --> Too few arguments to function CodeIgniter\HTTP\Message::appendHeader(), 1 passed in /volume1/team/WeTrueServer/app/Controllers/Content.php on line 18 and exactly 2 expected
#0 /volume1/team/WeTrueServer/app/Controllers/Content.php(18): CodeIgniter\HTTP\Message->appendHeader('ak-token')
#1 /volume1/team/WeTrueServer/system/CodeIgniter.php(914): App\Controllers\Content->list()
#2 /volume1/team/WeTrueServer/system/CodeIgniter.php(400): CodeIgniter\CodeIgniter->runController(Object(App\Controllers\Content))
#3 /volume1/team/WeTrueServer/system/CodeIgniter.php(308): CodeIgniter\CodeIgniter->handleRequest(NULL, Object(Config\Cache), false)
#4 /volume1/team/WeTrueServer/public/index.php(45): CodeIgniter\CodeIgniter->run()
#5 {main}
CRITICAL - 2021-04-02 09:58:31 --> Too few arguments to function CodeIgniter\HTTP\Message::appendHeader(), 1 passed in /volume1/team/WeTrueServer/app/Controllers/Content.php on line 18 and exactly 2 expected
#0 /volume1/team/WeTrueServer/app/Controllers/Content.php(18): CodeIgniter\HTTP\Message->appendHeader('ak-token')
#1 /volume1/team/WeTrueServer/system/CodeIgniter.php(914): App\Controllers\Content->list()
#2 /volume1/team/WeTrueServer/system/CodeIgniter.php(400): CodeIgniter\CodeIgniter->runController(Object(App\Controllers\Content))
#3 /volume1/team/WeTrueServer/system/CodeIgniter.php(308): CodeIgniter\CodeIgniter->handleRequest(NULL, Object(Config\Cache), false)
#4 /volume1/team/WeTrueServer/public/index.php(45): CodeIgniter\CodeIgniter->run()
#5 {main}
CRITICAL - 2021-04-02 09:58:31 --> Too few arguments to function CodeIgniter\HTTP\Message::appendHeader(), 1 passed in /volume1/team/WeTrueServer/app/Controllers/Content.php on line 18 and exactly 2 expected
#0 /volume1/team/WeTrueServer/app/Controllers/Content.php(18): CodeIgniter\HTTP\Message->appendHeader('ak-token')
#1 /volume1/team/WeTrueServer/system/CodeIgniter.php(914): App\Controllers\Content->list()
#2 /volume1/team/WeTrueServer/system/CodeIgniter.php(400): CodeIgniter\CodeIgniter->runController(Object(App\Controllers\Content))
#3 /volume1/team/WeTrueServer/system/CodeIgniter.php(308): CodeIgniter\CodeIgniter->handleRequest(NULL, Object(Config\Cache), false)
#4 /volume1/team/WeTrueServer/public/index.php(45): CodeIgniter\CodeIgniter->run()
#5 {main}
CRITICAL - 2021-04-02 09:58:48 --> Too few arguments to function CodeIgniter\HTTP\Message::appendHeader(), 1 passed in /volume1/team/WeTrueServer/app/Controllers/Content.php on line 18 and exactly 2 expected
#0 /volume1/team/WeTrueServer/app/Controllers/Content.php(18): CodeIgniter\HTTP\Message->appendHeader('ak-token')
#1 /volume1/team/WeTrueServer/system/CodeIgniter.php(914): App\Controllers\Content->list()
#2 /volume1/team/WeTrueServer/system/CodeIgniter.php(400): CodeIgniter\CodeIgniter->runController(Object(App\Controllers\Content))
#3 /volume1/team/WeTrueServer/system/CodeIgniter.php(308): CodeIgniter\CodeIgniter->handleRequest(NULL, Object(Config\Cache), false)
#4 /volume1/team/WeTrueServer/public/index.php(45): CodeIgniter\CodeIgniter->run()
#5 {main}
CRITICAL - 2021-04-02 09:58:51 --> Too few arguments to function CodeIgniter\HTTP\Message::appendHeader(), 1 passed in /volume1/team/WeTrueServer/app/Controllers/Content.php on line 18 and exactly 2 expected
#0 /volume1/team/WeTrueServer/app/Controllers/Content.php(18): CodeIgniter\HTTP\Message->appendHeader('ak-token')
#1 /volume1/team/WeTrueServer/system/CodeIgniter.php(914): App\Controllers\Content->list()
#2 /volume1/team/WeTrueServer/system/CodeIgniter.php(400): CodeIgniter\CodeIgniter->runController(Object(App\Controllers\Content))
#3 /volume1/team/WeTrueServer/system/CodeIgniter.php(308): CodeIgniter\CodeIgniter->handleRequest(NULL, Object(Config\Cache), false)
#4 /volume1/team/WeTrueServer/public/index.php(45): CodeIgniter\CodeIgniter->run()
#5 {main}
CRITICAL - 2021-04-02 09:58:52 --> Too few arguments to function CodeIgniter\HTTP\Message::appendHeader(), 1 passed in /volume1/team/WeTrueServer/app/Controllers/Content.php on line 18 and exactly 2 expected
#0 /volume1/team/WeTrueServer/app/Controllers/Content.php(18): CodeIgniter\HTTP\Message->appendHeader('ak-token')
#1 /volume1/team/WeTrueServer/system/CodeIgniter.php(914): App\Controllers\Content->list()
#2 /volume1/team/WeTrueServer/system/CodeIgniter.php(400): CodeIgniter\CodeIgniter->runController(Object(App\Controllers\Content))
#3 /volume1/team/WeTrueServer/system/CodeIgniter.php(308): CodeIgniter\CodeIgniter->handleRequest(NULL, Object(Config\Cache), false)
#4 /volume1/team/WeTrueServer/public/index.php(45): CodeIgniter\CodeIgniter->run()
#5 {main}
CRITICAL - 2021-04-02 09:58:52 --> Too few arguments to function CodeIgniter\HTTP\Message::appendHeader(), 1 passed in /volume1/team/WeTrueServer/app/Controllers/Content.php on line 18 and exactly 2 expected
#0 /volume1/team/WeTrueServer/app/Controllers/Content.php(18): CodeIgniter\HTTP\Message->appendHeader('ak-token')
#1 /volume1/team/WeTrueServer/system/CodeIgniter.php(914): App\Controllers\Content->list()
#2 /volume1/team/WeTrueServer/system/CodeIgniter.php(400): CodeIgniter\CodeIgniter->runController(Object(App\Controllers\Content))
#3 /volume1/team/WeTrueServer/system/CodeIgniter.php(308): CodeIgniter\CodeIgniter->handleRequest(NULL, Object(Config\Cache), false)
#4 /volume1/team/WeTrueServer/public/index.php(45): CodeIgniter\CodeIgniter->run()
#5 {main}
CRITICAL - 2021-04-02 09:58:54 --> Too few arguments to function CodeIgniter\HTTP\Message::appendHeader(), 1 passed in /volume1/team/WeTrueServer/app/Controllers/Content.php on line 18 and exactly 2 expected
#0 /volume1/team/WeTrueServer/app/Controllers/Content.php(18): CodeIgniter\HTTP\Message->appendHeader('ak-token')
#1 /volume1/team/WeTrueServer/system/CodeIgniter.php(914): App\Controllers\Content->list()
#2 /volume1/team/WeTrueServer/system/CodeIgniter.php(400): CodeIgniter\CodeIgniter->runController(Object(App\Controllers\Content))
#3 /volume1/team/WeTrueServer/system/CodeIgniter.php(308): CodeIgniter\CodeIgniter->handleRequest(NULL, Object(Config\Cache), false)
#4 /volume1/team/WeTrueServer/public/index.php(45): CodeIgniter\CodeIgniter->run()
#5 {main}
CRITICAL - 2021-04-02 23:47:47 --> syntax error, unexpected '=>' (T_DOUBLE_ARROW)
#0 /volume1/team/WeTrueServer/system/Autoloader/Autoloader.php(296): CodeIgniter\Autoloader\Autoloader->requireFile('/volume1/team/W...')
#1 /volume1/team/WeTrueServer/system/Autoloader/Autoloader.php(258): CodeIgniter\Autoloader\Autoloader->loadInNamespace('App\\Models\\Page...')
#2 [internal function]: CodeIgniter\Autoloader\Autoloader->loadClass('App\\Models\\Page...')
#3 /volume1/team/WeTrueServer/app/Controllers/Content.php(14): spl_autoload_call('App\\Models\\Page...')
#4 /volume1/team/WeTrueServer/system/CodeIgniter.php(914): App\Controllers\Content->list()
#5 /volume1/team/WeTrueServer/system/CodeIgniter.php(400): CodeIgniter\CodeIgniter->runController(Object(App\Controllers\Content))
#6 /volume1/team/WeTrueServer/system/CodeIgniter.php(308): CodeIgniter\CodeIgniter->handleRequest(NULL, Object(Config\Cache), false)
#7 /volume1/team/WeTrueServer/public/index.php(45): CodeIgniter\CodeIgniter->run()
#8 {main}
CRITICAL - 2021-04-02 23:47:53 --> syntax error, unexpected '=>' (T_DOUBLE_ARROW)
#0 /volume1/team/WeTrueServer/system/Autoloader/Autoloader.php(296): CodeIgniter\Autoloader\Autoloader->requireFile('/volume1/team/W...')
#1 /volume1/team/WeTrueServer/system/Autoloader/Autoloader.php(258): CodeIgniter\Autoloader\Autoloader->loadInNamespace('App\\Models\\Page...')
#2 [internal function]: CodeIgniter\Autoloader\Autoloader->loadClass('App\\Models\\Page...')
#3 /volume1/team/WeTrueServer/app/Controllers/Content.php(14): spl_autoload_call('App\\Models\\Page...')
#4 /volume1/team/WeTrueServer/system/CodeIgniter.php(914): App\Controllers\Content->list()
#5 /volume1/team/WeTrueServer/system/CodeIgniter.php(400): CodeIgniter\CodeIgniter->runController(Object(App\Controllers\Content))
#6 /volume1/team/WeTrueServer/system/CodeIgniter.php(308): CodeIgniter\CodeIgniter->handleRequest(NULL, Object(Config\Cache), false)
#7 /volume1/team/WeTrueServer/public/index.php(45): CodeIgniter\CodeIgniter->run()
#8 {main}
CRITICAL - 2021-04-02 23:47:54 --> syntax error, unexpected '=>' (T_DOUBLE_ARROW)
#0 /volume1/team/WeTrueServer/system/Autoloader/Autoloader.php(296): CodeIgniter\Autoloader\Autoloader->requireFile('/volume1/team/W...')
#1 /volume1/team/WeTrueServer/system/Autoloader/Autoloader.php(258): CodeIgniter\Autoloader\Autoloader->loadInNamespace('App\\Models\\Page...')
#2 [internal function]: CodeIgniter\Autoloader\Autoloader->loadClass('App\\Models\\Page...')
#3 /volume1/team/WeTrueServer/app/Controllers/Content.php(14): spl_autoload_call('App\\Models\\Page...')
#4 /volume1/team/WeTrueServer/system/CodeIgniter.php(914): App\Controllers\Content->list()
#5 /volume1/team/WeTrueServer/system/CodeIgniter.php(400): CodeIgniter\CodeIgniter->runController(Object(App\Controllers\Content))
#6 /volume1/team/WeTrueServer/system/CodeIgniter.php(308): CodeIgniter\CodeIgniter->handleRequest(NULL, Object(Config\Cache), false)
#7 /volume1/team/WeTrueServer/public/index.php(45): CodeIgniter\CodeIgniter->run()
#8 {main}
CRITICAL - 2021-04-02 23:48:21 --> syntax error, unexpected '=>' (T_DOUBLE_ARROW)
#0 /volume1/team/WeTrueServer/system/Autoloader/Autoloader.php(296): CodeIgniter\Autoloader\Autoloader->requireFile('/volume1/team/W...')
#1 /volume1/team/WeTrueServer/system/Autoloader/Autoloader.php(258): CodeIgniter\Autoloader\Autoloader->loadInNamespace('App\\Models\\Page...')
#2 [internal function]: CodeIgniter\Autoloader\Autoloader->loadClass('App\\Models\\Page...')
#3 /volume1/team/WeTrueServer/app/Controllers/Content.php(14): spl_autoload_call('App\\Models\\Page...')
#4 /volume1/team/WeTrueServer/system/CodeIgniter.php(914): App\Controllers\Content->list()
#5 /volume1/team/WeTrueServer/system/CodeIgniter.php(400): CodeIgniter\CodeIgniter->runController(Object(App\Controllers\Content))
#6 /volume1/team/WeTrueServer/system/CodeIgniter.php(308): CodeIgniter\CodeIgniter->handleRequest(NULL, Object(Config\Cache), false)
#7 /volume1/team/WeTrueServer/public/index.php(45): CodeIgniter\CodeIgniter->run()
#8 {main}
CRITICAL - 2021-04-02 23:48:35 --> syntax error, unexpected '=>' (T_DOUBLE_ARROW)
#0 /volume1/team/WeTrueServer/system/Autoloader/Autoloader.php(296): CodeIgniter\Autoloader\Autoloader->requireFile('/volume1/team/W...')
#1 /volume1/team/WeTrueServer/system/Autoloader/Autoloader.php(258): CodeIgniter\Autoloader\Autoloader->loadInNamespace('App\\Models\\Page...')
#2 [internal function]: CodeIgniter\Autoloader\Autoloader->loadClass('App\\Models\\Page...')
#3 /volume1/team/WeTrueServer/app/Controllers/Content.php(14): spl_autoload_call('App\\Models\\Page...')
#4 /volume1/team/WeTrueServer/system/CodeIgniter.php(914): App\Controllers\Content->list()
#5 /volume1/team/WeTrueServer/system/CodeIgniter.php(400): CodeIgniter\CodeIgniter->runController(Object(App\Controllers\Content))
#6 /volume1/team/WeTrueServer/system/CodeIgniter.php(308): CodeIgniter\CodeIgniter->handleRequest(NULL, Object(Config\Cache), false)
#7 /volume1/team/WeTrueServer/public/index.php(45): CodeIgniter\CodeIgniter->run()
#8 {main}
CRITICAL - 2021-04-02 23:48:36 --> syntax error, unexpected '=>' (T_DOUBLE_ARROW)
#0 /volume1/team/WeTrueServer/system/Autoloader/Autoloader.php(296): CodeIgniter\Autoloader\Autoloader->requireFile('/volume1/team/W...')
#1 /volume1/team/WeTrueServer/system/Autoloader/Autoloader.php(258): CodeIgniter\Autoloader\Autoloader->loadInNamespace('App\\Models\\Page...')
#2 [internal function]: CodeIgniter\Autoloader\Autoloader->loadClass('App\\Models\\Page...')
#3 /volume1/team/WeTrueServer/app/Controllers/Content.php(14): spl_autoload_call('App\\Models\\Page...')
#4 /volume1/team/WeTrueServer/system/CodeIgniter.php(914): App\Controllers\Content->list()
#5 /volume1/team/WeTrueServer/system/CodeIgniter.php(400): CodeIgniter\CodeIgniter->runController(Object(App\Controllers\Content))
#6 /volume1/team/WeTrueServer/system/CodeIgniter.php(308): CodeIgniter\CodeIgniter->handleRequest(NULL, Object(Config\Cache), false)
#7 /volume1/team/WeTrueServer/public/index.php(45): CodeIgniter\CodeIgniter->run()
#8 {main}
CRITICAL - 2021-04-02 23:54:04 --> syntax error, unexpected '$data' (T_VARIABLE)
#0 /volume1/team/WeTrueServer/system/Router/Router.php(192): CodeIgniter\Router\Router->autoRoute('Content/tx')
#1 /volume1/team/WeTrueServer/system/CodeIgniter.php(789): CodeIgniter\Router\Router->handle('Content/tx')
#2 /volume1/team/WeTrueServer/system/CodeIgniter.php(360): CodeIgniter\CodeIgniter->tryToRouteIt(Object(CodeIgniter\Router\RouteCollection))
#3 /volume1/team/WeTrueServer/system/CodeIgniter.php(308): CodeIgniter\CodeIgniter->handleRequest(NULL, Object(Config\Cache), false)
#4 /volume1/team/WeTrueServer/public/index.php(45): CodeIgniter\CodeIgniter->run()
#5 {main}
CRITICAL - 2021-04-02 23:54:23 --> syntax error, unexpected '$data' (T_VARIABLE)
#0 /volume1/team/WeTrueServer/system/Router/Router.php(192): CodeIgniter\Router\Router->autoRoute('Content/tx')
#1 /volume1/team/WeTrueServer/system/CodeIgniter.php(789): CodeIgniter\Router\Router->handle('Content/tx')
#2 /volume1/team/WeTrueServer/system/CodeIgniter.php(360): CodeIgniter\CodeIgniter->tryToRouteIt(Object(CodeIgniter\Router\RouteCollection))
#3 /volume1/team/WeTrueServer/system/CodeIgniter.php(308): CodeIgniter\CodeIgniter->handleRequest(NULL, Object(Config\Cache), false)
#4 /volume1/team/WeTrueServer/public/index.php(45): CodeIgniter\CodeIgniter->run()
#5 {main}
